2024-03-20 01:36:15,715 INFO     kb Logistic Regression
2024-03-20 01:36:16,867 INFO     kb Fitting 3 folds for each of 164 candidates, totalling 492 fits
2024-03-20 01:36:16,868 INFO     kb 

2024-03-20 01:36:16,963 INFO     kb [CV 1/3] END C=0.0001, penalty=l2, solver=lbfgs;, score=0.520 total time=   0.1s
2024-03-20 01:36:16,963 INFO     kb 

2024-03-20 01:36:17,115 INFO     kb [CV 2/3] END C=0.0001, penalty=l2, solver=lbfgs;, score=0.520 total time=   0.2s
2024-03-20 01:36:17,116 INFO     kb 

2024-03-20 01:36:17,208 INFO     kb [CV 3/3] END C=0.0001, penalty=l2, solver=lbfgs;, score=0.520 total time=   0.1s
2024-03-20 01:36:17,209 INFO     kb 

2024-03-20 01:36:17,389 INFO     kb [CV 1/3] END C=0.0001, penalty=l2, solver=newton-cg;, score=0.520 total time=   0.2s
2024-03-20 01:36:17,390 INFO     kb 

2024-03-20 01:36:17,531 INFO     kb [CV 2/3] END C=0.0001, penalty=l2, solver=newton-cg;, score=0.520 total time=   0.1s
2024-03-20 01:36:17,532 INFO     kb 

2024-03-20 01:36:17,688 INFO     kb [CV 3/3] END C=0.0001, penalty=l2, solver=newton-cg;, score=0.520 total time=   0.2s
2024-03-20 01:36:17,689 INFO     kb 

2024-03-20 01:36:19,315 INFO     kb [CV 1/3] END ..C=0.0001, penalty=l2, solver=sag;, score=0.520 total time=   1.6s
2024-03-20 01:36:19,315 INFO     kb 

2024-03-20 01:36:20,844 INFO     kb [CV 2/3] END ..C=0.0001, penalty=l2, solver=sag;, score=0.520 total time=   1.5s
2024-03-20 01:36:20,845 INFO     kb 

2024-03-20 01:36:22,323 INFO     kb [CV 3/3] END ..C=0.0001, penalty=l2, solver=sag;, score=0.520 total time=   1.5s
2024-03-20 01:36:22,324 INFO     kb 

2024-03-20 01:36:22,444 INFO     kb [CV 1/3] END .C=0.001, penalty=l2, solver=lbfgs;, score=0.728 total time=   0.1s
2024-03-20 01:36:22,445 INFO     kb 

2024-03-20 01:36:22,522 INFO     kb [CV 2/3] END .C=0.001, penalty=l2, solver=lbfgs;, score=0.732 total time=   0.1s
2024-03-20 01:36:22,522 INFO     kb 

2024-03-20 01:36:22,678 INFO     kb [CV 3/3] END .C=0.001, penalty=l2, solver=lbfgs;, score=0.733 total time=   0.2s
2024-03-20 01:36:22,679 INFO     kb 

2024-03-20 01:36:22,881 INFO     kb [CV 1/3] END C=0.001, penalty=l2, solver=newton-cg;, score=0.728 total time=   0.2s
2024-03-20 01:36:22,882 INFO     kb 

2024-03-20 01:36:23,103 INFO     kb [CV 2/3] END C=0.001, penalty=l2, solver=newton-cg;, score=0.732 total time=   0.2s
2024-03-20 01:36:23,104 INFO     kb 

2024-03-20 01:36:23,300 INFO     kb [CV 3/3] END C=0.001, penalty=l2, solver=newton-cg;, score=0.733 total time=   0.2s
2024-03-20 01:36:23,301 INFO     kb 

2024-03-20 01:36:23,611 INFO     kb [CV 1/3] END ...C=0.001, penalty=l2, solver=sag;, score=0.728 total time=   0.3s
2024-03-20 01:36:23,612 INFO     kb 

2024-03-20 01:36:23,896 INFO     kb [CV 2/3] END ...C=0.001, penalty=l2, solver=sag;, score=0.732 total time=   0.3s
2024-03-20 01:36:23,897 INFO     kb 

2024-03-20 01:36:24,182 INFO     kb [CV 3/3] END ...C=0.001, penalty=l2, solver=sag;, score=0.733 total time=   0.3s
2024-03-20 01:36:24,183 INFO     kb 

2024-03-20 01:36:24,279 INFO     kb [CV 1/3] END ..C=0.01, penalty=l2, solver=lbfgs;, score=0.851 total time=   0.1s
2024-03-20 01:36:24,279 INFO     kb 

2024-03-20 01:36:24,466 INFO     kb [CV 2/3] END ..C=0.01, penalty=l2, solver=lbfgs;, score=0.850 total time=   0.2s
2024-03-20 01:36:24,466 INFO     kb 

2024-03-20 01:36:24,552 INFO     kb [CV 3/3] END ..C=0.01, penalty=l2, solver=lbfgs;, score=0.847 total time=   0.1s
2024-03-20 01:36:24,553 INFO     kb 

2024-03-20 01:36:24,779 INFO     kb [CV 1/3] END C=0.01, penalty=l2, solver=newton-cg;, score=0.851 total time=   0.2s
2024-03-20 01:36:24,779 INFO     kb 

2024-03-20 01:36:25,010 INFO     kb [CV 2/3] END C=0.01, penalty=l2, solver=newton-cg;, score=0.850 total time=   0.2s
2024-03-20 01:36:25,011 INFO     kb 

2024-03-20 01:36:25,251 INFO     kb [CV 3/3] END C=0.01, penalty=l2, solver=newton-cg;, score=0.847 total time=   0.2s
2024-03-20 01:36:25,251 INFO     kb 

2024-03-20 01:36:25,459 INFO     kb [CV 1/3] END ....C=0.01, penalty=l2, solver=sag;, score=0.851 total time=   0.2s
2024-03-20 01:36:25,460 INFO     kb 

2024-03-20 01:36:25,621 INFO     kb [CV 2/3] END ....C=0.01, penalty=l2, solver=sag;, score=0.850 total time=   0.2s
2024-03-20 01:36:25,622 INFO     kb 

2024-03-20 01:36:25,776 INFO     kb [CV 3/3] END ....C=0.01, penalty=l2, solver=sag;, score=0.847 total time=   0.2s
2024-03-20 01:36:25,777 INFO     kb 

2024-03-20 01:36:26,070 INFO     kb [CV 1/3] END ...C=0.1, penalty=l2, solver=lbfgs;, score=0.916 total time=   0.3s
2024-03-20 01:36:26,070 INFO     kb 

2024-03-20 01:36:26,348 INFO     kb [CV 2/3] END ...C=0.1, penalty=l2, solver=lbfgs;, score=0.917 total time=   0.3s
2024-03-20 01:36:26,348 INFO     kb 

2024-03-20 01:36:26,580 INFO     kb [CV 3/3] END ...C=0.1, penalty=l2, solver=lbfgs;, score=0.923 total time=   0.2s
2024-03-20 01:36:26,581 INFO     kb 

2024-03-20 01:36:26,906 INFO     kb [CV 1/3] END C=0.1, penalty=l2, solver=newton-cg;, score=0.916 total time=   0.3s
2024-03-20 01:36:26,907 INFO     kb 

2024-03-20 01:36:27,297 INFO     kb [CV 2/3] END C=0.1, penalty=l2, solver=newton-cg;, score=0.917 total time=   0.4s
2024-03-20 01:36:27,298 INFO     kb 

2024-03-20 01:36:27,649 INFO     kb [CV 3/3] END C=0.1, penalty=l2, solver=newton-cg;, score=0.923 total time=   0.3s
2024-03-20 01:36:27,649 INFO     kb 

2024-03-20 01:36:27,985 INFO     kb [CV 1/3] END .....C=0.1, penalty=l2, solver=sag;, score=0.916 total time=   0.3s
2024-03-20 01:36:27,986 INFO     kb 

2024-03-20 01:36:28,357 INFO     kb [CV 2/3] END .....C=0.1, penalty=l2, solver=sag;, score=0.917 total time=   0.4s
2024-03-20 01:36:28,357 INFO     kb 

2024-03-20 01:36:28,695 INFO     kb [CV 3/3] END .....C=0.1, penalty=l2, solver=sag;, score=0.923 total time=   0.3s
2024-03-20 01:36:28,695 INFO     kb 

2024-03-20 01:36:29,038 INFO     kb [CV 1/3] END ...C=0.5, penalty=l2, solver=lbfgs;, score=0.940 total time=   0.3s
2024-03-20 01:36:29,039 INFO     kb 

2024-03-20 01:36:29,300 INFO     kb [CV 2/3] END ...C=0.5, penalty=l2, solver=lbfgs;, score=0.943 total time=   0.3s
2024-03-20 01:36:29,300 INFO     kb 

2024-03-20 01:36:29,660 INFO     kb [CV 3/3] END ...C=0.5, penalty=l2, solver=lbfgs;, score=0.949 total time=   0.4s
2024-03-20 01:36:29,661 INFO     kb 

2024-03-20 01:36:30,069 INFO     kb [CV 1/3] END C=0.5, penalty=l2, solver=newton-cg;, score=0.940 total time=   0.4s
2024-03-20 01:36:30,069 INFO     kb 

2024-03-20 01:36:30,431 INFO     kb [CV 2/3] END C=0.5, penalty=l2, solver=newton-cg;, score=0.943 total time=   0.4s
2024-03-20 01:36:30,431 INFO     kb 

2024-03-20 01:36:30,818 INFO     kb [CV 3/3] END C=0.5, penalty=l2, solver=newton-cg;, score=0.949 total time=   0.4s
2024-03-20 01:36:30,819 INFO     kb 

2024-03-20 01:36:31,838 INFO     kb [CV 1/3] END .....C=0.5, penalty=l2, solver=sag;, score=0.940 total time=   1.0s
2024-03-20 01:36:31,839 INFO     kb 

2024-03-20 01:36:32,894 INFO     kb [CV 2/3] END .....C=0.5, penalty=l2, solver=sag;, score=0.943 total time=   1.1s
2024-03-20 01:36:32,894 INFO     kb 

2024-03-20 01:36:33,931 INFO     kb [CV 3/3] END .....C=0.5, penalty=l2, solver=sag;, score=0.949 total time=   1.0s
2024-03-20 01:36:33,932 INFO     kb 

2024-03-20 01:36:34,595 INFO     kb [CV 1/3] END .....C=1, penalty=l2, solver=lbfgs;, score=0.947 total time=   0.7s
2024-03-20 01:36:34,595 INFO     kb 

2024-03-20 01:36:35,127 INFO     kb [CV 2/3] END .....C=1, penalty=l2, solver=lbfgs;, score=0.949 total time=   0.5s
2024-03-20 01:36:35,127 INFO     kb 

2024-03-20 01:36:35,672 INFO     kb [CV 3/3] END .....C=1, penalty=l2, solver=lbfgs;, score=0.955 total time=   0.5s
2024-03-20 01:36:35,673 INFO     kb 

2024-03-20 01:36:36,059 INFO     kb [CV 1/3] END .C=1, penalty=l2, solver=newton-cg;, score=0.947 total time=   0.4s
2024-03-20 01:36:36,059 INFO     kb 

2024-03-20 01:36:36,430 INFO     kb [CV 2/3] END .C=1, penalty=l2, solver=newton-cg;, score=0.949 total time=   0.4s
2024-03-20 01:36:36,430 INFO     kb 

2024-03-20 01:36:36,796 INFO     kb [CV 3/3] END .C=1, penalty=l2, solver=newton-cg;, score=0.955 total time=   0.4s
2024-03-20 01:36:36,797 INFO     kb 

2024-03-20 01:36:38,367 INFO     kb [CV 1/3] END .......C=1, penalty=l2, solver=sag;, score=0.947 total time=   1.6s
2024-03-20 01:36:38,368 INFO     kb 

2024-03-20 01:36:39,952 INFO     kb [CV 2/3] END .......C=1, penalty=l2, solver=sag;, score=0.949 total time=   1.6s
2024-03-20 01:36:39,952 INFO     kb 

2024-03-20 01:36:41,518 INFO     kb [CV 3/3] END .......C=1, penalty=l2, solver=sag;, score=0.955 total time=   1.6s
2024-03-20 01:36:41,519 INFO     kb 

2024-03-20 01:36:42,470 INFO     kb [CV 1/3] END .....C=5, penalty=l2, solver=lbfgs;, score=0.955 total time=   1.0s
2024-03-20 01:36:42,471 INFO     kb 

2024-03-20 01:36:43,394 INFO     kb [CV 2/3] END .....C=5, penalty=l2, solver=lbfgs;, score=0.958 total time=   0.9s
2024-03-20 01:36:43,394 INFO     kb 

2024-03-20 01:36:44,430 INFO     kb [CV 3/3] END .....C=5, penalty=l2, solver=lbfgs;, score=0.962 total time=   1.0s
2024-03-20 01:36:44,431 INFO     kb 

2024-03-20 01:36:44,957 INFO     kb [CV 1/3] END .C=5, penalty=l2, solver=newton-cg;, score=0.955 total time=   0.5s
2024-03-20 01:36:44,958 INFO     kb 

2024-03-20 01:36:45,465 INFO     kb [CV 2/3] END .C=5, penalty=l2, solver=newton-cg;, score=0.958 total time=   0.5s
2024-03-20 01:36:45,465 INFO     kb 

2024-03-20 01:36:45,924 INFO     kb [CV 3/3] END .C=5, penalty=l2, solver=newton-cg;, score=0.962 total time=   0.5s
2024-03-20 01:36:45,924 INFO     kb 

2024-03-20 01:36:49,926 INFO     kb [CV 1/3] END .......C=5, penalty=l2, solver=sag;, score=0.955 total time=   4.0s
2024-03-20 01:36:49,927 INFO     kb 

2024-03-20 01:36:53,854 INFO     kb [CV 2/3] END .......C=5, penalty=l2, solver=sag;, score=0.958 total time=   3.9s
2024-03-20 01:36:53,855 INFO     kb 

2024-03-20 01:36:57,777 INFO     kb [CV 3/3] END .......C=5, penalty=l2, solver=sag;, score=0.962 total time=   3.9s
2024-03-20 01:36:57,777 INFO     kb 

2024-03-20 01:36:59,093 INFO     kb [CV 1/3] END ....C=12, penalty=l2, solver=lbfgs;, score=0.954 total time=   1.3s
2024-03-20 01:36:59,094 INFO     kb 

2024-03-20 01:37:00,431 INFO     kb [CV 2/3] END ....C=12, penalty=l2, solver=lbfgs;, score=0.958 total time=   1.3s
2024-03-20 01:37:00,431 INFO     kb 

2024-03-20 01:37:01,711 INFO     kb [CV 3/3] END ....C=12, penalty=l2, solver=lbfgs;, score=0.963 total time=   1.3s
2024-03-20 01:37:01,711 INFO     kb 

2024-03-20 01:37:02,223 INFO     kb [CV 1/3] END C=12, penalty=l2, solver=newton-cg;, score=0.954 total time=   0.5s
2024-03-20 01:37:02,224 INFO     kb 

2024-03-20 01:37:02,764 INFO     kb [CV 2/3] END C=12, penalty=l2, solver=newton-cg;, score=0.958 total time=   0.5s
2024-03-20 01:37:02,764 INFO     kb 

2024-03-20 01:37:03,349 INFO     kb [CV 3/3] END C=12, penalty=l2, solver=newton-cg;, score=0.963 total time=   0.6s
2024-03-20 01:37:03,349 INFO     kb 

2024-03-20 01:37:08,985 INFO     kb [CV 1/3] END ......C=12, penalty=l2, solver=sag;, score=0.954 total time=   5.6s
2024-03-20 01:37:08,985 INFO     kb 

2024-03-20 01:37:14,266 INFO     kb [CV 2/3] END ......C=12, penalty=l2, solver=sag;, score=0.958 total time=   5.3s
2024-03-20 01:37:14,267 INFO     kb 

2024-03-20 01:37:19,849 INFO     kb [CV 3/3] END ......C=12, penalty=l2, solver=sag;, score=0.963 total time=   5.6s
2024-03-20 01:37:19,850 INFO     kb 

2024-03-20 01:37:21,429 INFO     kb [CV 1/3] END ....C=24, penalty=l2, solver=lbfgs;, score=0.953 total time=   1.6s
2024-03-20 01:37:21,429 INFO     kb 

2024-03-20 01:37:22,910 INFO     kb [CV 2/3] END ....C=24, penalty=l2, solver=lbfgs;, score=0.958 total time=   1.5s
2024-03-20 01:37:22,910 INFO     kb 

2024-03-20 01:37:24,703 INFO     kb [CV 3/3] END ....C=24, penalty=l2, solver=lbfgs;, score=0.962 total time=   1.8s
2024-03-20 01:37:24,703 INFO     kb 

2024-03-20 01:37:25,283 INFO     kb [CV 1/3] END C=24, penalty=l2, solver=newton-cg;, score=0.953 total time=   0.6s
2024-03-20 01:37:25,284 INFO     kb 

2024-03-20 01:37:25,897 INFO     kb [CV 2/3] END C=24, penalty=l2, solver=newton-cg;, score=0.958 total time=   0.6s
2024-03-20 01:37:25,898 INFO     kb 

2024-03-20 01:37:26,459 INFO     kb [CV 3/3] END C=24, penalty=l2, solver=newton-cg;, score=0.962 total time=   0.6s
2024-03-20 01:37:26,460 INFO     kb 

2024-03-20 01:37:33,067 INFO     kb [CV 1/3] END ......C=24, penalty=l2, solver=sag;, score=0.953 total time=   6.6s
2024-03-20 01:37:33,068 INFO     kb 

2024-03-20 01:37:38,874 INFO     kb [CV 2/3] END ......C=24, penalty=l2, solver=sag;, score=0.958 total time=   5.8s
2024-03-20 01:37:38,875 INFO     kb 

2024-03-20 01:37:45,304 INFO     kb [CV 3/3] END ......C=24, penalty=l2, solver=sag;, score=0.962 total time=   6.4s
2024-03-20 01:37:45,305 INFO     kb 

2024-03-20 01:37:46,776 INFO     kb [CV 1/3] END ....C=35, penalty=l2, solver=lbfgs;, score=0.953 total time=   1.5s
2024-03-20 01:37:46,776 INFO     kb 

2024-03-20 01:37:48,532 INFO     kb [CV 2/3] END ....C=35, penalty=l2, solver=lbfgs;, score=0.958 total time=   1.8s
2024-03-20 01:37:48,533 INFO     kb 

2024-03-20 01:37:49,909 INFO     kb [CV 3/3] END ....C=35, penalty=l2, solver=lbfgs;, score=0.961 total time=   1.4s
2024-03-20 01:37:49,910 INFO     kb 

2024-03-20 01:37:50,545 INFO     kb [CV 1/3] END C=35, penalty=l2, solver=newton-cg;, score=0.953 total time=   0.6s
2024-03-20 01:37:50,546 INFO     kb 

2024-03-20 01:37:51,170 INFO     kb [CV 2/3] END C=35, penalty=l2, solver=newton-cg;, score=0.958 total time=   0.6s
2024-03-20 01:37:51,170 INFO     kb 

2024-03-20 01:37:51,770 INFO     kb [CV 3/3] END C=35, penalty=l2, solver=newton-cg;, score=0.961 total time=   0.6s
2024-03-20 01:37:51,771 INFO     kb 

2024-03-20 01:37:58,394 INFO     kb [CV 1/3] END ......C=35, penalty=l2, solver=sag;, score=0.953 total time=   6.6s
2024-03-20 01:37:58,394 INFO     kb 

2024-03-20 01:38:03,663 INFO     kb [CV 2/3] END ......C=35, penalty=l2, solver=sag;, score=0.958 total time=   5.3s
2024-03-20 01:38:03,664 INFO     kb 

2024-03-20 01:38:09,933 INFO     kb [CV 3/3] END ......C=35, penalty=l2, solver=sag;, score=0.961 total time=   6.3s
2024-03-20 01:38:09,934 INFO     kb 

2024-03-20 01:38:11,537 INFO     kb [CV 1/3] END ....C=50, penalty=l2, solver=lbfgs;, score=0.953 total time=   1.6s
2024-03-20 01:38:11,537 INFO     kb 

2024-03-20 01:38:13,192 INFO     kb [CV 2/3] END ....C=50, penalty=l2, solver=lbfgs;, score=0.957 total time=   1.7s
2024-03-20 01:38:13,193 INFO     kb 

2024-03-20 01:38:14,793 INFO     kb [CV 3/3] END ....C=50, penalty=l2, solver=lbfgs;, score=0.960 total time=   1.6s
2024-03-20 01:38:14,794 INFO     kb 

2024-03-20 01:38:15,445 INFO     kb [CV 1/3] END C=50, penalty=l2, solver=newton-cg;, score=0.953 total time=   0.7s
2024-03-20 01:38:15,446 INFO     kb 

2024-03-20 01:38:16,098 INFO     kb [CV 2/3] END C=50, penalty=l2, solver=newton-cg;, score=0.957 total time=   0.7s
2024-03-20 01:38:16,098 INFO     kb 

2024-03-20 01:38:16,803 INFO     kb [CV 3/3] END C=50, penalty=l2, solver=newton-cg;, score=0.960 total time=   0.7s
2024-03-20 01:38:16,803 INFO     kb 

2024-03-20 01:38:22,495 INFO     kb [CV 1/3] END ......C=50, penalty=l2, solver=sag;, score=0.952 total time=   5.7s
2024-03-20 01:38:22,495 INFO     kb 

2024-03-20 01:38:25,936 INFO     kb [CV 2/3] END ......C=50, penalty=l2, solver=sag;, score=0.957 total time=   3.4s
2024-03-20 01:38:25,937 INFO     kb 

2024-03-20 01:38:30,711 INFO     kb [CV 3/3] END ......C=50, penalty=l2, solver=sag;, score=0.961 total time=   4.8s
2024-03-20 01:38:30,712 INFO     kb 

2024-03-20 01:38:32,321 INFO     kb [CV 1/3] END ...C=100, penalty=l2, solver=lbfgs;, score=0.951 total time=   1.6s
2024-03-20 01:38:32,322 INFO     kb 

2024-03-20 01:38:34,311 INFO     kb [CV 2/3] END ...C=100, penalty=l2, solver=lbfgs;, score=0.957 total time=   2.0s
2024-03-20 01:38:34,311 INFO     kb 

2024-03-20 01:38:36,274 INFO     kb [CV 3/3] END ...C=100, penalty=l2, solver=lbfgs;, score=0.959 total time=   2.0s
2024-03-20 01:38:36,275 INFO     kb 

2024-03-20 01:38:36,986 INFO     kb [CV 1/3] END C=100, penalty=l2, solver=newton-cg;, score=0.951 total time=   0.7s
2024-03-20 01:38:36,986 INFO     kb 

2024-03-20 01:38:37,711 INFO     kb [CV 2/3] END C=100, penalty=l2, solver=newton-cg;, score=0.957 total time=   0.7s
2024-03-20 01:38:37,712 INFO     kb 

2024-03-20 01:38:38,380 INFO     kb [CV 3/3] END C=100, penalty=l2, solver=newton-cg;, score=0.959 total time=   0.7s
2024-03-20 01:38:38,380 INFO     kb 

2024-03-20 01:38:41,419 INFO     kb [CV 1/3] END .....C=100, penalty=l2, solver=sag;, score=0.951 total time=   3.0s
2024-03-20 01:38:41,420 INFO     kb 

2024-03-20 01:38:44,236 INFO     kb [CV 2/3] END .....C=100, penalty=l2, solver=sag;, score=0.957 total time=   2.8s
2024-03-20 01:38:44,236 INFO     kb 

2024-03-20 01:38:47,042 INFO     kb [CV 3/3] END .....C=100, penalty=l2, solver=sag;, score=0.960 total time=   2.8s
2024-03-20 01:38:47,042 INFO     kb 

2024-03-20 01:38:49,542 INFO     kb [CV 1/3] END ...C=250, penalty=l2, solver=lbfgs;, score=0.950 total time=   2.5s
2024-03-20 01:38:49,542 INFO     kb 

2024-03-20 01:38:51,968 INFO     kb [CV 2/3] END ...C=250, penalty=l2, solver=lbfgs;, score=0.955 total time=   2.4s
2024-03-20 01:38:51,968 INFO     kb 

2024-03-20 01:38:54,427 INFO     kb [CV 3/3] END ...C=250, penalty=l2, solver=lbfgs;, score=0.959 total time=   2.5s
2024-03-20 01:38:54,427 INFO     kb 

2024-03-20 01:38:55,157 INFO     kb [CV 1/3] END C=250, penalty=l2, solver=newton-cg;, score=0.949 total time=   0.7s
2024-03-20 01:38:55,158 INFO     kb 

2024-03-20 01:38:55,848 INFO     kb [CV 2/3] END C=250, penalty=l2, solver=newton-cg;, score=0.955 total time=   0.7s
2024-03-20 01:38:55,849 INFO     kb 

2024-03-20 01:38:56,610 INFO     kb [CV 3/3] END C=250, penalty=l2, solver=newton-cg;, score=0.959 total time=   0.8s
2024-03-20 01:38:56,611 INFO     kb 

2024-03-20 01:39:02,005 INFO     kb [CV 1/3] END .....C=250, penalty=l2, solver=sag;, score=0.949 total time=   5.4s
2024-03-20 01:39:02,005 INFO     kb 

2024-03-20 01:39:06,509 INFO     kb [CV 2/3] END .....C=250, penalty=l2, solver=sag;, score=0.956 total time=   4.5s
2024-03-20 01:39:06,509 INFO     kb 

2024-03-20 01:39:11,065 INFO     kb [CV 3/3] END .....C=250, penalty=l2, solver=sag;, score=0.959 total time=   4.6s
2024-03-20 01:39:11,065 INFO     kb 

2024-03-20 01:39:13,663 INFO     kb [CV 1/3] END ...C=750, penalty=l2, solver=lbfgs;, score=0.948 total time=   2.6s
2024-03-20 01:39:13,663 INFO     kb 

2024-03-20 01:39:16,793 INFO     kb [CV 2/3] END ...C=750, penalty=l2, solver=lbfgs;, score=0.954 total time=   3.1s
2024-03-20 01:39:16,793 INFO     kb 

2024-03-20 01:39:19,864 INFO     kb [CV 3/3] END ...C=750, penalty=l2, solver=lbfgs;, score=0.958 total time=   3.1s
2024-03-20 01:39:19,864 INFO     kb 

2024-03-20 01:39:20,691 INFO     kb [CV 1/3] END C=750, penalty=l2, solver=newton-cg;, score=0.948 total time=   0.8s
2024-03-20 01:39:20,691 INFO     kb 

2024-03-20 01:39:21,581 INFO     kb [CV 2/3] END C=750, penalty=l2, solver=newton-cg;, score=0.954 total time=   0.9s
2024-03-20 01:39:21,581 INFO     kb 

2024-03-20 01:39:22,379 INFO     kb [CV 3/3] END C=750, penalty=l2, solver=newton-cg;, score=0.958 total time=   0.8s
2024-03-20 01:39:22,379 INFO     kb 

2024-03-20 01:39:31,680 INFO     kb [CV 1/3] END .....C=750, penalty=l2, solver=sag;, score=0.948 total time=   9.3s
2024-03-20 01:39:31,681 INFO     kb 

2024-03-20 01:39:35,705 INFO     kb [CV 2/3] END .....C=750, penalty=l2, solver=sag;, score=0.955 total time=   4.0s
2024-03-20 01:39:35,706 INFO     kb 

2024-03-20 01:39:39,496 INFO     kb [CV 3/3] END .....C=750, penalty=l2, solver=sag;, score=0.958 total time=   3.8s
2024-03-20 01:39:39,497 INFO     kb 

2024-03-20 01:39:42,692 INFO     kb [CV 1/3] END ..C=2000, penalty=l2, solver=lbfgs;, score=0.946 total time=   3.2s
2024-03-20 01:39:42,692 INFO     kb 

2024-03-20 01:39:46,540 INFO     kb [CV 2/3] END ..C=2000, penalty=l2, solver=lbfgs;, score=0.951 total time=   3.8s
2024-03-20 01:39:46,541 INFO     kb 

2024-03-20 01:39:49,930 INFO     kb [CV 3/3] END ..C=2000, penalty=l2, solver=lbfgs;, score=0.957 total time=   3.4s
2024-03-20 01:39:49,930 INFO     kb 

2024-03-20 01:39:50,806 INFO     kb [CV 1/3] END C=2000, penalty=l2, solver=newton-cg;, score=0.946 total time=   0.9s
2024-03-20 01:39:50,807 INFO     kb 

2024-03-20 01:39:51,783 INFO     kb [CV 2/3] END C=2000, penalty=l2, solver=newton-cg;, score=0.951 total time=   1.0s
2024-03-20 01:39:51,783 INFO     kb 

2024-03-20 01:39:52,673 INFO     kb [CV 3/3] END C=2000, penalty=l2, solver=newton-cg;, score=0.957 total time=   0.9s
2024-03-20 01:39:52,674 INFO     kb 

2024-03-20 01:39:57,865 INFO     kb [CV 1/3] END ....C=2000, penalty=l2, solver=sag;, score=0.948 total time=   5.2s
2024-03-20 01:39:57,866 INFO     kb 

2024-03-20 01:40:03,590 INFO     kb [CV 2/3] END ....C=2000, penalty=l2, solver=sag;, score=0.954 total time=   5.7s
2024-03-20 01:40:03,590 INFO     kb 

2024-03-20 01:40:08,652 INFO     kb [CV 3/3] END ....C=2000, penalty=l2, solver=sag;, score=0.958 total time=   5.1s
2024-03-20 01:40:08,653 INFO     kb 

2024-03-20 01:40:12,356 INFO     kb [CV 1/3] END ..C=5000, penalty=l2, solver=lbfgs;, score=0.945 total time=   3.7s
2024-03-20 01:40:12,357 INFO     kb 

2024-03-20 01:40:16,586 INFO     kb [CV 2/3] END ..C=5000, penalty=l2, solver=lbfgs;, score=0.950 total time=   4.2s
2024-03-20 01:40:16,586 INFO     kb 

2024-03-20 01:40:20,397 INFO     kb [CV 3/3] END ..C=5000, penalty=l2, solver=lbfgs;, score=0.956 total time=   3.8s
2024-03-20 01:40:20,397 INFO     kb 

2024-03-20 01:40:21,389 INFO     kb [CV 1/3] END C=5000, penalty=l2, solver=newton-cg;, score=0.945 total time=   1.0s
2024-03-20 01:40:21,389 INFO     kb 

2024-03-20 01:40:22,512 INFO     kb [CV 2/3] END C=5000, penalty=l2, solver=newton-cg;, score=0.950 total time=   1.1s
2024-03-20 01:40:22,513 INFO     kb 

2024-03-20 01:40:23,465 INFO     kb [CV 3/3] END C=5000, penalty=l2, solver=newton-cg;, score=0.956 total time=   1.0s
2024-03-20 01:40:23,465 INFO     kb 

2024-03-20 01:40:30,971 INFO     kb [CV 1/3] END ....C=5000, penalty=l2, solver=sag;, score=0.948 total time=   7.5s
2024-03-20 01:40:30,971 INFO     kb 

2024-03-20 01:40:40,186 INFO     kb [CV 2/3] END ....C=5000, penalty=l2, solver=sag;, score=0.952 total time=   9.2s
2024-03-20 01:40:40,187 INFO     kb 

2024-03-20 01:40:48,691 INFO     kb [CV 3/3] END ....C=5000, penalty=l2, solver=sag;, score=0.957 total time=   8.5s
2024-03-20 01:40:48,692 INFO     kb 

2024-03-20 01:40:49,609 INFO     kb [CV 1/3] END ........penalty=None, solver=lbfgs;, score=0.943 total time=   0.9s
2024-03-20 01:40:49,610 INFO     kb 

2024-03-20 01:40:51,110 INFO     kb [CV 2/3] END ........penalty=None, solver=lbfgs;, score=0.953 total time=   1.5s
2024-03-20 01:40:51,111 INFO     kb 

2024-03-20 01:40:52,751 INFO     kb [CV 3/3] END ........penalty=None, solver=lbfgs;, score=0.955 total time=   1.6s
2024-03-20 01:40:52,752 INFO     kb 

2024-03-20 01:40:56,340 INFO     kb [CV 1/3] END ....penalty=None, solver=newton-cg;, score=0.894 total time=   3.6s
2024-03-20 01:40:56,341 INFO     kb 

2024-03-20 01:40:57,954 INFO     kb [CV 2/3] END ....penalty=None, solver=newton-cg;, score=0.948 total time=   1.6s
2024-03-20 01:40:57,954 INFO     kb 

2024-03-20 01:40:59,144 INFO     kb [CV 3/3] END ....penalty=None, solver=newton-cg;, score=0.953 total time=   1.2s
2024-03-20 01:40:59,144 INFO     kb 

2024-03-20 01:41:12,174 ERROR    kb /home/koustav/miniconda3/lib/python3.10/site-packages/sklearn/linear_model/_sag.py:350: ConvergenceWarning: The max_iter was reached which means the coef_ did not converge
  warnings.warn(

2024-03-20 01:41:12,177 INFO     kb [CV 1/3] END ..........penalty=None, solver=sag;, score=0.946 total time=  13.0s
2024-03-20 01:41:12,178 INFO     kb 

2024-03-20 01:41:24,943 ERROR    kb /home/koustav/miniconda3/lib/python3.10/site-packages/sklearn/linear_model/_sag.py:350: ConvergenceWarning: The max_iter was reached which means the coef_ did not converge
  warnings.warn(

2024-03-20 01:41:24,946 INFO     kb [CV 2/3] END ..........penalty=None, solver=sag;, score=0.952 total time=  12.8s
2024-03-20 01:41:24,947 INFO     kb 

2024-03-20 01:41:37,631 ERROR    kb /home/koustav/miniconda3/lib/python3.10/site-packages/sklearn/linear_model/_sag.py:350: ConvergenceWarning: The max_iter was reached which means the coef_ did not converge
  warnings.warn(

2024-03-20 01:41:37,633 INFO     kb [CV 3/3] END ..........penalty=None, solver=sag;, score=0.956 total time=  12.7s
2024-03-20 01:41:37,634 INFO     kb 

2024-03-20 01:41:51,103 ERROR    kb /home/koustav/miniconda3/lib/python3.10/site-packages/sklearn/linear_model/_sag.py:350: ConvergenceWarning: The max_iter was reached which means the coef_ did not converge
  warnings.warn(

2024-03-20 01:41:51,107 INFO     kb [CV 1/3] END .........penalty=None, solver=saga;, score=0.947 total time=  13.5s
2024-03-20 01:41:51,107 INFO     kb 

2024-03-20 01:42:04,601 ERROR    kb /home/koustav/miniconda3/lib/python3.10/site-packages/sklearn/linear_model/_sag.py:350: ConvergenceWarning: The max_iter was reached which means the coef_ did not converge
  warnings.warn(

2024-03-20 01:42:04,604 INFO     kb [CV 2/3] END .........penalty=None, solver=saga;, score=0.953 total time=  13.5s
2024-03-20 01:42:04,604 INFO     kb 

2024-03-20 01:42:17,977 ERROR    kb /home/koustav/miniconda3/lib/python3.10/site-packages/sklearn/linear_model/_sag.py:350: ConvergenceWarning: The max_iter was reached which means the coef_ did not converge
  warnings.warn(

2024-03-20 01:42:17,980 INFO     kb [CV 3/3] END .........penalty=None, solver=saga;, score=0.958 total time=  13.4s
2024-03-20 01:42:17,980 INFO     kb 

2024-03-20 01:42:18,327 INFO     kb [CV 1/3] END C=0.001, l1_ratio=0.0, penalty=elasticnet, solver=saga;, score=0.728 total time=   0.3s
2024-03-20 01:42:18,327 INFO     kb 

2024-03-20 01:42:18,619 INFO     kb [CV 2/3] END C=0.001, l1_ratio=0.0, penalty=elasticnet, solver=saga;, score=0.732 total time=   0.3s
2024-03-20 01:42:18,619 INFO     kb 

2024-03-20 01:42:18,925 INFO     kb [CV 3/3] END C=0.001, l1_ratio=0.0, penalty=elasticnet, solver=saga;, score=0.732 total time=   0.3s
2024-03-20 01:42:18,925 INFO     kb 

2024-03-20 01:42:19,292 INFO     kb [CV 1/3] END C=0.001, l1_ratio=0.3333333333333333, penalty=elasticnet, solver=saga;, score=0.540 total time=   0.4s
2024-03-20 01:42:19,293 INFO     kb 

2024-03-20 01:42:19,626 INFO     kb [CV 2/3] END C=0.001, l1_ratio=0.3333333333333333, penalty=elasticnet, solver=saga;, score=0.542 total time=   0.3s
2024-03-20 01:42:19,627 INFO     kb 

2024-03-20 01:42:20,009 INFO     kb [CV 3/3] END C=0.001, l1_ratio=0.3333333333333333, penalty=elasticnet, solver=saga;, score=0.539 total time=   0.4s
2024-03-20 01:42:20,010 INFO     kb 

2024-03-20 01:42:20,143 INFO     kb [CV 1/3] END C=0.001, l1_ratio=0.6666666666666666, penalty=elasticnet, solver=saga;, score=0.520 total time=   0.1s
2024-03-20 01:42:20,144 INFO     kb 

2024-03-20 01:42:20,291 INFO     kb [CV 2/3] END C=0.001, l1_ratio=0.6666666666666666, penalty=elasticnet, solver=saga;, score=0.520 total time=   0.1s
2024-03-20 01:42:20,292 INFO     kb 

2024-03-20 01:42:20,389 INFO     kb [CV 3/3] END C=0.001, l1_ratio=0.6666666666666666, penalty=elasticnet, solver=saga;, score=0.520 total time=   0.1s
2024-03-20 01:42:20,389 INFO     kb 

2024-03-20 01:42:20,516 INFO     kb [CV 1/3] END C=0.001, l1_ratio=1.0, penalty=elasticnet, solver=saga;, score=0.520 total time=   0.1s
2024-03-20 01:42:20,517 INFO     kb 

2024-03-20 01:42:20,605 INFO     kb [CV 2/3] END C=0.001, l1_ratio=1.0, penalty=elasticnet, solver=saga;, score=0.520 total time=   0.1s
2024-03-20 01:42:20,606 INFO     kb 

2024-03-20 01:42:20,695 INFO     kb [CV 3/3] END C=0.001, l1_ratio=1.0, penalty=elasticnet, solver=saga;, score=0.520 total time=   0.1s
2024-03-20 01:42:20,695 INFO     kb 

2024-03-20 01:42:20,917 INFO     kb [CV 1/3] END C=0.01, l1_ratio=0.0, penalty=elasticnet, solver=saga;, score=0.850 total time=   0.2s
2024-03-20 01:42:20,917 INFO     kb 

2024-03-20 01:42:21,176 INFO     kb [CV 2/3] END C=0.01, l1_ratio=0.0, penalty=elasticnet, solver=saga;, score=0.850 total time=   0.3s
2024-03-20 01:42:21,176 INFO     kb 

2024-03-20 01:42:21,429 INFO     kb [CV 3/3] END C=0.01, l1_ratio=0.0, penalty=elasticnet, solver=saga;, score=0.847 total time=   0.3s
2024-03-20 01:42:21,429 INFO     kb 

2024-03-20 01:42:21,864 INFO     kb [CV 1/3] END C=0.01, l1_ratio=0.3333333333333333, penalty=elasticnet, solver=saga;, score=0.795 total time=   0.4s
2024-03-20 01:42:21,864 INFO     kb 

2024-03-20 01:42:22,251 INFO     kb [CV 2/3] END C=0.01, l1_ratio=0.3333333333333333, penalty=elasticnet, solver=saga;, score=0.793 total time=   0.4s
2024-03-20 01:42:22,251 INFO     kb 

2024-03-20 01:42:22,575 INFO     kb [CV 3/3] END C=0.01, l1_ratio=0.3333333333333333, penalty=elasticnet, solver=saga;, score=0.789 total time=   0.3s
2024-03-20 01:42:22,575 INFO     kb 

2024-03-20 01:42:23,957 INFO     kb [CV 1/3] END C=0.01, l1_ratio=0.6666666666666666, penalty=elasticnet, solver=saga;, score=0.787 total time=   1.4s
2024-03-20 01:42:23,957 INFO     kb 

2024-03-20 01:42:25,533 INFO     kb [CV 2/3] END C=0.01, l1_ratio=0.6666666666666666, penalty=elasticnet, solver=saga;, score=0.787 total time=   1.6s
2024-03-20 01:42:25,534 INFO     kb 

2024-03-20 01:42:27,078 INFO     kb [CV 3/3] END C=0.01, l1_ratio=0.6666666666666666, penalty=elasticnet, solver=saga;, score=0.783 total time=   1.5s
2024-03-20 01:42:27,079 INFO     kb 

2024-03-20 01:42:28,144 INFO     kb [CV 1/3] END C=0.01, l1_ratio=1.0, penalty=elasticnet, solver=saga;, score=0.816 total time=   1.1s
2024-03-20 01:42:28,145 INFO     kb 

2024-03-20 01:42:29,206 INFO     kb [CV 2/3] END C=0.01, l1_ratio=1.0, penalty=elasticnet, solver=saga;, score=0.817 total time=   1.1s
2024-03-20 01:42:29,207 INFO     kb 

2024-03-20 01:42:30,218 INFO     kb [CV 3/3] END C=0.01, l1_ratio=1.0, penalty=elasticnet, solver=saga;, score=0.816 total time=   1.0s
2024-03-20 01:42:30,219 INFO     kb 

2024-03-20 01:42:32,500 INFO     kb [CV 1/3] END C=0.1, l1_ratio=0.0, penalty=elasticnet, solver=saga;, score=0.915 total time=   2.3s
2024-03-20 01:42:32,501 INFO     kb 

2024-03-20 01:42:34,916 INFO     kb [CV 2/3] END C=0.1, l1_ratio=0.0, penalty=elasticnet, solver=saga;, score=0.917 total time=   2.4s
2024-03-20 01:42:34,916 INFO     kb 

2024-03-20 01:42:37,205 INFO     kb [CV 3/3] END C=0.1, l1_ratio=0.0, penalty=elasticnet, solver=saga;, score=0.923 total time=   2.3s
2024-03-20 01:42:37,206 INFO     kb 

2024-03-20 01:42:55,731 INFO     kb [CV 1/3] END C=0.1, l1_ratio=0.3333333333333333, penalty=elasticnet, solver=saga;, score=0.894 total time=  18.5s
2024-03-20 01:42:55,731 INFO     kb 

2024-03-20 01:43:15,630 INFO     kb [CV 2/3] END C=0.1, l1_ratio=0.3333333333333333, penalty=elasticnet, solver=saga;, score=0.897 total time=  19.9s
2024-03-20 01:43:15,631 INFO     kb 

2024-03-20 01:43:34,725 INFO     kb [CV 3/3] END C=0.1, l1_ratio=0.3333333333333333, penalty=elasticnet, solver=saga;, score=0.900 total time=  19.1s
2024-03-20 01:43:34,726 INFO     kb 

2024-03-20 01:43:38,831 INFO     kb [CV 1/3] END C=0.1, l1_ratio=0.6666666666666666, penalty=elasticnet, solver=saga;, score=0.889 total time=   4.1s
2024-03-20 01:43:38,832 INFO     kb 

2024-03-20 01:43:43,333 INFO     kb [CV 2/3] END C=0.1, l1_ratio=0.6666666666666666, penalty=elasticnet, solver=saga;, score=0.890 total time=   4.5s
2024-03-20 01:43:43,334 INFO     kb 

2024-03-20 01:43:47,571 INFO     kb [CV 3/3] END C=0.1, l1_ratio=0.6666666666666666, penalty=elasticnet, solver=saga;, score=0.892 total time=   4.2s
2024-03-20 01:43:47,571 INFO     kb 

2024-03-20 01:43:48,964 INFO     kb [CV 1/3] END C=0.1, l1_ratio=1.0, penalty=elasticnet, solver=saga;, score=0.884 total time=   1.4s
2024-03-20 01:43:48,965 INFO     kb 

2024-03-20 01:43:50,262 INFO     kb [CV 2/3] END C=0.1, l1_ratio=1.0, penalty=elasticnet, solver=saga;, score=0.884 total time=   1.3s
2024-03-20 01:43:50,263 INFO     kb 

2024-03-20 01:43:53,141 INFO     kb [CV 3/3] END C=0.1, l1_ratio=1.0, penalty=elasticnet, solver=saga;, score=0.887 total time=   2.9s
2024-03-20 01:43:53,142 INFO     kb 

2024-03-20 01:43:57,253 INFO     kb [CV 1/3] END C=0.5, l1_ratio=0.0, penalty=elasticnet, solver=saga;, score=0.940 total time=   4.1s
2024-03-20 01:43:57,253 INFO     kb 

2024-03-20 01:44:01,497 INFO     kb [CV 2/3] END C=0.5, l1_ratio=0.0, penalty=elasticnet, solver=saga;, score=0.943 total time=   4.2s
2024-03-20 01:44:01,498 INFO     kb 

2024-03-20 01:44:05,644 INFO     kb [CV 3/3] END C=0.5, l1_ratio=0.0, penalty=elasticnet, solver=saga;, score=0.949 total time=   4.1s
2024-03-20 01:44:05,644 INFO     kb 

2024-03-20 01:45:47,044 INFO     kb [CV 1/3] END C=0.5, l1_ratio=0.3333333333333333, penalty=elasticnet, solver=saga;, score=0.932 total time= 1.7min
2024-03-20 01:45:47,045 INFO     kb 

2024-03-20 01:47:30,824 INFO     kb [CV 2/3] END C=0.5, l1_ratio=0.3333333333333333, penalty=elasticnet, solver=saga;, score=0.935 total time= 1.7min
2024-03-20 01:47:30,824 INFO     kb 

2024-03-20 01:49:15,454 INFO     kb [CV 3/3] END C=0.5, l1_ratio=0.3333333333333333, penalty=elasticnet, solver=saga;, score=0.941 total time= 1.7min
2024-03-20 01:49:15,454 INFO     kb 

2024-03-20 01:50:05,567 INFO     kb [CV 1/3] END C=0.5, l1_ratio=0.6666666666666666, penalty=elasticnet, solver=saga;, score=0.929 total time=  50.1s
2024-03-20 01:50:05,568 INFO     kb 

2024-03-20 01:50:55,769 INFO     kb [CV 2/3] END C=0.5, l1_ratio=0.6666666666666666, penalty=elasticnet, solver=saga;, score=0.932 total time=  50.2s
2024-03-20 01:50:55,770 INFO     kb 

2024-03-20 01:51:43,914 INFO     kb [CV 3/3] END C=0.5, l1_ratio=0.6666666666666666, penalty=elasticnet, solver=saga;, score=0.935 total time=  48.1s
2024-03-20 01:51:43,915 INFO     kb 

2024-03-20 01:51:56,818 INFO     kb [CV 1/3] END C=0.5, l1_ratio=1.0, penalty=elasticnet, solver=saga;, score=0.924 total time=  12.9s
2024-03-20 01:51:56,819 INFO     kb 

2024-03-20 01:52:09,425 INFO     kb [CV 2/3] END C=0.5, l1_ratio=1.0, penalty=elasticnet, solver=saga;, score=0.929 total time=  12.6s
2024-03-20 01:52:09,425 INFO     kb 

2024-03-20 01:52:21,989 INFO     kb [CV 3/3] END C=0.5, l1_ratio=1.0, penalty=elasticnet, solver=saga;, score=0.934 total time=  12.6s
2024-03-20 01:52:21,989 INFO     kb 

2024-03-20 01:52:26,945 INFO     kb [CV 1/3] END C=1, l1_ratio=0.0, penalty=elasticnet, solver=saga;, score=0.947 total time=   5.0s
2024-03-20 01:52:26,946 INFO     kb 

2024-03-20 01:52:31,999 INFO     kb [CV 2/3] END C=1, l1_ratio=0.0, penalty=elasticnet, solver=saga;, score=0.949 total time=   5.1s
2024-03-20 01:52:31,999 INFO     kb 

2024-03-20 01:52:36,961 INFO     kb [CV 3/3] END C=1, l1_ratio=0.0, penalty=elasticnet, solver=saga;, score=0.955 total time=   5.0s
2024-03-20 01:52:36,962 INFO     kb 

2024-03-20 01:56:18,624 INFO     kb [CV 1/3] END C=1, l1_ratio=0.3333333333333333, penalty=elasticnet, solver=saga;, score=0.942 total time= 3.7min
2024-03-20 01:56:18,625 INFO     kb 

2024-03-20 02:00:02,405 INFO     kb [CV 2/3] END C=1, l1_ratio=0.3333333333333333, penalty=elasticnet, solver=saga;, score=0.944 total time= 3.7min
2024-03-20 02:00:02,406 INFO     kb 

2024-03-20 02:03:51,588 INFO     kb [CV 3/3] END C=1, l1_ratio=0.3333333333333333, penalty=elasticnet, solver=saga;, score=0.951 total time= 3.8min
2024-03-20 02:03:51,589 INFO     kb 

2024-03-20 02:05:24,168 INFO     kb [CV 1/3] END C=1, l1_ratio=0.6666666666666666, penalty=elasticnet, solver=saga;, score=0.938 total time= 1.5min
2024-03-20 02:05:24,168 INFO     kb 

2024-03-20 02:06:58,421 INFO     kb [CV 2/3] END C=1, l1_ratio=0.6666666666666666, penalty=elasticnet, solver=saga;, score=0.942 total time= 1.6min
2024-03-20 02:06:58,421 INFO     kb 

2024-03-20 02:08:33,116 INFO     kb [CV 3/3] END C=1, l1_ratio=0.6666666666666666, penalty=elasticnet, solver=saga;, score=0.948 total time= 1.6min
2024-03-20 02:08:33,117 INFO     kb 

2024-03-20 02:08:52,451 INFO     kb [CV 1/3] END C=1, l1_ratio=1.0, penalty=elasticnet, solver=saga;, score=0.935 total time=  19.3s
2024-03-20 02:08:52,451 INFO     kb 

2024-03-20 02:09:11,711 INFO     kb [CV 2/3] END C=1, l1_ratio=1.0, penalty=elasticnet, solver=saga;, score=0.940 total time=  19.3s
2024-03-20 02:09:11,712 INFO     kb 

2024-03-20 02:09:30,968 INFO     kb [CV 3/3] END C=1, l1_ratio=1.0, penalty=elasticnet, solver=saga;, score=0.945 total time=  19.3s
2024-03-20 02:09:30,968 INFO     kb 

2024-03-20 02:09:38,174 INFO     kb [CV 1/3] END C=5, l1_ratio=0.0, penalty=elasticnet, solver=saga;, score=0.955 total time=   7.2s
2024-03-20 02:09:38,174 INFO     kb 

2024-03-20 02:09:45,271 INFO     kb [CV 2/3] END C=5, l1_ratio=0.0, penalty=elasticnet, solver=saga;, score=0.958 total time=   7.1s
2024-03-20 02:09:45,272 INFO     kb 

2024-03-20 02:09:52,350 INFO     kb [CV 3/3] END C=5, l1_ratio=0.0, penalty=elasticnet, solver=saga;, score=0.962 total time=   7.1s
2024-03-20 02:09:52,351 INFO     kb 

2024-03-20 02:23:28,308 INFO     kb [CV 1/3] END C=5, l1_ratio=0.3333333333333333, penalty=elasticnet, solver=saga;, score=0.952 total time=13.6min
2024-03-20 02:23:28,309 INFO     kb 

2024-03-20 02:37:19,560 INFO     kb [CV 2/3] END C=5, l1_ratio=0.3333333333333333, penalty=elasticnet, solver=saga;, score=0.956 total time=13.9min
2024-03-20 02:37:19,561 INFO     kb 

2024-03-20 02:51:37,979 INFO     kb [CV 3/3] END C=5, l1_ratio=0.3333333333333333, penalty=elasticnet, solver=saga;, score=0.961 total time=14.3min
2024-03-20 02:51:37,980 INFO     kb 

2024-03-20 02:58:20,505 INFO     kb [CV 1/3] END C=5, l1_ratio=0.6666666666666666, penalty=elasticnet, solver=saga;, score=0.950 total time= 6.7min
2024-03-20 02:58:20,506 INFO     kb 

2024-03-20 03:05:00,732 INFO     kb [CV 2/3] END C=5, l1_ratio=0.6666666666666666, penalty=elasticnet, solver=saga;, score=0.954 total time= 6.7min
2024-03-20 03:05:00,733 INFO     kb 

2024-03-20 03:12:13,218 INFO     kb [CV 3/3] END C=5, l1_ratio=0.6666666666666666, penalty=elasticnet, solver=saga;, score=0.960 total time= 7.2min
2024-03-20 03:12:13,219 INFO     kb 

2024-03-20 03:13:43,971 INFO     kb [CV 1/3] END C=5, l1_ratio=1.0, penalty=elasticnet, solver=saga;, score=0.946 total time= 1.5min
2024-03-20 03:13:43,971 INFO     kb 

2024-03-20 03:15:10,615 INFO     kb [CV 2/3] END C=5, l1_ratio=1.0, penalty=elasticnet, solver=saga;, score=0.952 total time= 1.4min
2024-03-20 03:15:10,615 INFO     kb 

2024-03-20 03:16:55,526 INFO     kb [CV 3/3] END C=5, l1_ratio=1.0, penalty=elasticnet, solver=saga;, score=0.958 total time= 1.7min
2024-03-20 03:16:55,526 INFO     kb 

2024-03-20 03:17:04,324 INFO     kb [CV 1/3] END C=15, l1_ratio=0.0, penalty=elasticnet, solver=saga;, score=0.954 total time=   8.8s
2024-03-20 03:17:04,324 INFO     kb 

2024-03-20 03:17:11,755 INFO     kb [CV 2/3] END C=15, l1_ratio=0.0, penalty=elasticnet, solver=saga;, score=0.958 total time=   7.4s
2024-03-20 03:17:11,755 INFO     kb 

2024-03-20 03:17:19,634 INFO     kb [CV 3/3] END C=15, l1_ratio=0.0, penalty=elasticnet, solver=saga;, score=0.963 total time=   7.9s
2024-03-20 03:17:19,634 INFO     kb 

2024-03-20 03:35:01,357 INFO     kb [CV 1/3] END C=15, l1_ratio=0.3333333333333333, penalty=elasticnet, solver=saga;, score=0.952 total time=17.7min
2024-03-20 03:35:01,358 INFO     kb 

2024-03-20 03:50:56,767 INFO     kb [CV 2/3] END C=15, l1_ratio=0.3333333333333333, penalty=elasticnet, solver=saga;, score=0.957 total time=15.9min
2024-03-20 03:50:56,768 INFO     kb 

2024-03-20 04:09:38,150 INFO     kb [CV 3/3] END C=15, l1_ratio=0.3333333333333333, penalty=elasticnet, solver=saga;, score=0.961 total time=18.7min
2024-03-20 04:09:38,150 INFO     kb 

2024-03-20 04:15:57,972 INFO     kb [CV 1/3] END C=15, l1_ratio=0.6666666666666666, penalty=elasticnet, solver=saga;, score=0.951 total time= 6.3min
2024-03-20 04:15:57,973 INFO     kb 

2024-03-20 04:20:26,018 INFO     kb [CV 2/3] END C=15, l1_ratio=0.6666666666666666, penalty=elasticnet, solver=saga;, score=0.956 total time= 4.5min
2024-03-20 04:20:26,018 INFO     kb 

2024-03-20 04:27:10,666 INFO     kb [CV 3/3] END C=15, l1_ratio=0.6666666666666666, penalty=elasticnet, solver=saga;, score=0.958 total time= 6.7min
2024-03-20 04:27:10,666 INFO     kb 

2024-03-20 04:31:53,404 ERROR    kb /home/koustav/miniconda3/lib/python3.10/site-packages/sklearn/linear_model/_sag.py:350: ConvergenceWarning: The max_iter was reached which means the coef_ did not converge
  warnings.warn(

2024-03-20 04:31:53,406 INFO     kb [CV 1/3] END C=15, l1_ratio=1.0, penalty=elasticnet, solver=saga;, score=0.944 total time= 4.7min
2024-03-20 04:31:53,407 INFO     kb 

2024-03-20 04:37:00,490 INFO     kb [CV 2/3] END C=15, l1_ratio=1.0, penalty=elasticnet, solver=saga;, score=0.951 total time= 5.1min
2024-03-20 04:37:00,491 INFO     kb 

2024-03-20 04:42:18,190 ERROR    kb /home/koustav/miniconda3/lib/python3.10/site-packages/sklearn/linear_model/_sag.py:350: ConvergenceWarning: The max_iter was reached which means the coef_ did not converge
  warnings.warn(

2024-03-20 04:42:18,193 INFO     kb [CV 3/3] END C=15, l1_ratio=1.0, penalty=elasticnet, solver=saga;, score=0.955 total time= 5.3min
2024-03-20 04:42:18,194 INFO     kb 

2024-03-20 04:42:23,841 INFO     kb [CV 1/3] END C=30, l1_ratio=0.0, penalty=elasticnet, solver=saga;, score=0.953 total time=   5.6s
2024-03-20 04:42:23,841 INFO     kb 

2024-03-20 04:42:28,051 INFO     kb [CV 2/3] END C=30, l1_ratio=0.0, penalty=elasticnet, solver=saga;, score=0.958 total time=   4.2s
2024-03-20 04:42:28,052 INFO     kb 

2024-03-20 04:42:33,363 INFO     kb [CV 3/3] END C=30, l1_ratio=0.0, penalty=elasticnet, solver=saga;, score=0.961 total time=   5.3s
2024-03-20 04:42:33,363 INFO     kb 

2024-03-20 04:48:11,171 INFO     kb [CV 1/3] END C=30, l1_ratio=0.3333333333333333, penalty=elasticnet, solver=saga;, score=0.952 total time= 5.6min
2024-03-20 04:48:11,172 INFO     kb 

2024-03-20 04:54:10,870 INFO     kb [CV 2/3] END C=30, l1_ratio=0.3333333333333333, penalty=elasticnet, solver=saga;, score=0.957 total time= 6.0min
2024-03-20 04:54:10,870 INFO     kb 

2024-03-20 04:59:43,104 INFO     kb [CV 3/3] END C=30, l1_ratio=0.3333333333333333, penalty=elasticnet, solver=saga;, score=0.960 total time= 5.5min
2024-03-20 04:59:43,105 INFO     kb 

2024-03-20 05:04:23,765 INFO     kb [CV 1/3] END C=30, l1_ratio=0.6666666666666666, penalty=elasticnet, solver=saga;, score=0.950 total time= 4.7min
2024-03-20 05:04:23,766 INFO     kb 

2024-03-20 05:08:48,598 INFO     kb [CV 2/3] END C=30, l1_ratio=0.6666666666666666, penalty=elasticnet, solver=saga;, score=0.956 total time= 4.4min
2024-03-20 05:08:48,598 INFO     kb 

2024-03-20 05:14:00,042 INFO     kb [CV 3/3] END C=30, l1_ratio=0.6666666666666666, penalty=elasticnet, solver=saga;, score=0.959 total time= 5.2min
2024-03-20 05:14:00,043 INFO     kb 

2024-03-20 05:20:12,435 ERROR    kb /home/koustav/miniconda3/lib/python3.10/site-packages/sklearn/linear_model/_sag.py:350: ConvergenceWarning: The max_iter was reached which means the coef_ did not converge
  warnings.warn(

2024-03-20 05:20:12,438 INFO     kb [CV 1/3] END C=30, l1_ratio=1.0, penalty=elasticnet, solver=saga;, score=0.943 total time= 6.2min
2024-03-20 05:20:12,439 INFO     kb 

2024-03-20 05:26:54,265 ERROR    kb /home/koustav/miniconda3/lib/python3.10/site-packages/sklearn/linear_model/_sag.py:350: ConvergenceWarning: The max_iter was reached which means the coef_ did not converge
  warnings.warn(

2024-03-20 05:26:54,268 INFO     kb [CV 2/3] END C=30, l1_ratio=1.0, penalty=elasticnet, solver=saga;, score=0.952 total time= 6.7min
2024-03-20 05:26:54,268 INFO     kb 

2024-03-20 05:33:43,059 ERROR    kb /home/koustav/miniconda3/lib/python3.10/site-packages/sklearn/linear_model/_sag.py:350: ConvergenceWarning: The max_iter was reached which means the coef_ did not converge
  warnings.warn(

2024-03-20 05:33:43,061 INFO     kb [CV 3/3] END C=30, l1_ratio=1.0, penalty=elasticnet, solver=saga;, score=0.955 total time= 6.8min
2024-03-20 05:33:43,062 INFO     kb 

2024-03-20 05:33:46,621 INFO     kb [CV 1/3] END C=100, l1_ratio=0.0, penalty=elasticnet, solver=saga;, score=0.951 total time=   3.6s
2024-03-20 05:33:46,622 INFO     kb 

2024-03-20 05:33:49,965 INFO     kb [CV 2/3] END C=100, l1_ratio=0.0, penalty=elasticnet, solver=saga;, score=0.957 total time=   3.3s
2024-03-20 05:33:49,966 INFO     kb 

2024-03-20 05:33:53,521 INFO     kb [CV 3/3] END C=100, l1_ratio=0.0, penalty=elasticnet, solver=saga;, score=0.960 total time=   3.6s
2024-03-20 05:33:53,521 INFO     kb 

2024-03-20 05:44:31,111 INFO     kb [CV 1/3] END C=100, l1_ratio=0.3333333333333333, penalty=elasticnet, solver=saga;, score=0.951 total time=10.6min
2024-03-20 05:44:31,112 INFO     kb 

2024-03-20 05:55:08,411 INFO     kb [CV 2/3] END C=100, l1_ratio=0.3333333333333333, penalty=elasticnet, solver=saga;, score=0.956 total time=10.6min
2024-03-20 05:55:08,412 INFO     kb 

2024-03-20 06:05:59,687 INFO     kb [CV 3/3] END C=100, l1_ratio=0.3333333333333333, penalty=elasticnet, solver=saga;, score=0.959 total time=10.9min
2024-03-20 06:05:59,688 INFO     kb 

2024-03-20 06:15:04,696 INFO     kb [CV 1/3] END C=100, l1_ratio=0.6666666666666666, penalty=elasticnet, solver=saga;, score=0.949 total time= 9.1min
2024-03-20 06:15:04,697 INFO     kb 

2024-03-20 06:25:02,532 INFO     kb [CV 2/3] END C=100, l1_ratio=0.6666666666666666, penalty=elasticnet, solver=saga;, score=0.955 total time=10.0min
2024-03-20 06:25:02,533 INFO     kb 

2024-03-20 06:36:47,130 INFO     kb [CV 3/3] END C=100, l1_ratio=0.6666666666666666, penalty=elasticnet, solver=saga;, score=0.958 total time=11.7min
2024-03-20 06:36:47,131 INFO     kb 

2024-03-20 06:47:34,589 ERROR    kb /home/koustav/miniconda3/lib/python3.10/site-packages/sklearn/linear_model/_sag.py:350: ConvergenceWarning: The max_iter was reached which means the coef_ did not converge
  warnings.warn(

2024-03-20 06:47:34,592 INFO     kb [CV 1/3] END C=100, l1_ratio=1.0, penalty=elasticnet, solver=saga;, score=0.947 total time=10.8min
2024-03-20 06:47:34,593 INFO     kb 

2024-03-20 06:59:15,323 ERROR    kb /home/koustav/miniconda3/lib/python3.10/site-packages/sklearn/linear_model/_sag.py:350: ConvergenceWarning: The max_iter was reached which means the coef_ did not converge
  warnings.warn(

2024-03-20 06:59:15,325 INFO     kb [CV 2/3] END C=100, l1_ratio=1.0, penalty=elasticnet, solver=saga;, score=0.952 total time=11.7min
2024-03-20 06:59:15,326 INFO     kb 

2024-03-20 07:11:03,511 ERROR    kb /home/koustav/miniconda3/lib/python3.10/site-packages/sklearn/linear_model/_sag.py:350: ConvergenceWarning: The max_iter was reached which means the coef_ did not converge
  warnings.warn(

2024-03-20 07:11:03,514 INFO     kb [CV 3/3] END C=100, l1_ratio=1.0, penalty=elasticnet, solver=saga;, score=0.956 total time=11.8min
2024-03-20 07:11:03,514 INFO     kb 

2024-03-20 07:11:08,670 INFO     kb [CV 1/3] END C=500, l1_ratio=0.0, penalty=elasticnet, solver=saga;, score=0.949 total time=   5.2s
2024-03-20 07:11:08,670 INFO     kb 

2024-03-20 07:11:13,656 INFO     kb [CV 2/3] END C=500, l1_ratio=0.0, penalty=elasticnet, solver=saga;, score=0.955 total time=   5.0s
2024-03-20 07:11:13,657 INFO     kb 

2024-03-20 07:11:19,138 INFO     kb [CV 3/3] END C=500, l1_ratio=0.0, penalty=elasticnet, solver=saga;, score=0.959 total time=   5.5s
2024-03-20 07:11:19,138 INFO     kb 

2024-03-20 07:31:44,799 INFO     kb [CV 1/3] END C=500, l1_ratio=0.3333333333333333, penalty=elasticnet, solver=saga;, score=0.949 total time=20.4min
2024-03-20 07:31:44,800 INFO     kb 

2024-03-20 07:54:17,893 INFO     kb [CV 2/3] END C=500, l1_ratio=0.3333333333333333, penalty=elasticnet, solver=saga;, score=0.955 total time=22.6min
2024-03-20 07:54:17,894 INFO     kb 

2024-03-20 08:17:31,723 INFO     kb [CV 3/3] END C=500, l1_ratio=0.3333333333333333, penalty=elasticnet, solver=saga;, score=0.958 total time=23.2min
2024-03-20 08:17:31,724 INFO     kb 

2024-03-20 08:41:49,080 INFO     kb [CV 1/3] END C=500, l1_ratio=0.6666666666666666, penalty=elasticnet, solver=saga;, score=0.948 total time=24.3min
2024-03-20 08:41:49,080 INFO     kb 

2024-03-20 09:08:35,959 INFO     kb [CV 2/3] END C=500, l1_ratio=0.6666666666666666, penalty=elasticnet, solver=saga;, score=0.954 total time=26.8min
2024-03-20 09:08:35,960 INFO     kb 

2024-03-20 09:33:53,506 INFO     kb [CV 3/3] END C=500, l1_ratio=0.6666666666666666, penalty=elasticnet, solver=saga;, score=0.958 total time=25.3min
2024-03-20 09:33:53,506 INFO     kb 

2024-03-20 09:56:41,743 ERROR    kb /home/koustav/miniconda3/lib/python3.10/site-packages/sklearn/linear_model/_sag.py:350: ConvergenceWarning: The max_iter was reached which means the coef_ did not converge
  warnings.warn(

2024-03-20 09:56:41,746 INFO     kb [CV 1/3] END C=500, l1_ratio=1.0, penalty=elasticnet, solver=saga;, score=0.947 total time=22.8min
2024-03-20 09:56:41,746 INFO     kb 

2024-03-20 10:21:09,883 ERROR    kb /home/koustav/miniconda3/lib/python3.10/site-packages/sklearn/linear_model/_sag.py:350: ConvergenceWarning: The max_iter was reached which means the coef_ did not converge
  warnings.warn(

2024-03-20 10:21:09,886 INFO     kb [CV 2/3] END C=500, l1_ratio=1.0, penalty=elasticnet, solver=saga;, score=0.953 total time=24.5min
2024-03-20 10:21:09,887 INFO     kb 

2024-03-20 10:45:49,009 ERROR    kb /home/koustav/miniconda3/lib/python3.10/site-packages/sklearn/linear_model/_sag.py:350: ConvergenceWarning: The max_iter was reached which means the coef_ did not converge
  warnings.warn(

2024-03-20 10:45:49,011 INFO     kb [CV 3/3] END C=500, l1_ratio=1.0, penalty=elasticnet, solver=saga;, score=0.957 total time=24.7min
2024-03-20 10:45:49,012 INFO     kb 

2024-03-20 10:45:55,210 INFO     kb [CV 1/3] END C=1000, l1_ratio=0.0, penalty=elasticnet, solver=saga;, score=0.948 total time=   6.2s
2024-03-20 10:45:55,210 INFO     kb 

2024-03-20 10:46:01,907 INFO     kb [CV 2/3] END C=1000, l1_ratio=0.0, penalty=elasticnet, solver=saga;, score=0.955 total time=   6.7s
2024-03-20 10:46:01,908 INFO     kb 

2024-03-20 10:46:08,192 INFO     kb [CV 3/3] END C=1000, l1_ratio=0.0, penalty=elasticnet, solver=saga;, score=0.958 total time=   6.3s
2024-03-20 10:46:08,192 INFO     kb 

2024-03-20 11:16:12,395 INFO     kb [CV 1/3] END C=1000, l1_ratio=0.3333333333333333, penalty=elasticnet, solver=saga;, score=0.948 total time=30.1min
2024-03-20 11:16:12,396 INFO     kb 

2024-03-20 11:49:52,323 INFO     kb [CV 2/3] END C=1000, l1_ratio=0.3333333333333333, penalty=elasticnet, solver=saga;, score=0.955 total time=33.7min
2024-03-20 11:49:52,323 INFO     kb 

2024-03-20 12:21:20,523 INFO     kb [CV 3/3] END C=1000, l1_ratio=0.3333333333333333, penalty=elasticnet, solver=saga;, score=0.958 total time=31.5min
2024-03-20 12:21:20,524 INFO     kb 

2024-03-20 12:55:51,444 INFO     kb [CV 1/3] END C=1000, l1_ratio=0.6666666666666666, penalty=elasticnet, solver=saga;, score=0.948 total time=34.5min
2024-03-20 12:55:51,445 INFO     kb 

2024-03-20 13:33:18,466 INFO     kb [CV 2/3] END C=1000, l1_ratio=0.6666666666666666, penalty=elasticnet, solver=saga;, score=0.953 total time=37.5min
2024-03-20 13:33:18,467 INFO     kb 

2024-03-20 14:08:48,158 INFO     kb [CV 3/3] END C=1000, l1_ratio=0.6666666666666666, penalty=elasticnet, solver=saga;, score=0.958 total time=35.5min
2024-03-20 14:08:48,158 INFO     kb 

2024-03-20 14:38:46,431 ERROR    kb /home/koustav/miniconda3/lib/python3.10/site-packages/sklearn/linear_model/_sag.py:350: ConvergenceWarning: The max_iter was reached which means the coef_ did not converge
  warnings.warn(

2024-03-20 14:38:46,434 INFO     kb [CV 1/3] END C=1000, l1_ratio=1.0, penalty=elasticnet, solver=saga;, score=0.947 total time=30.0min
2024-03-20 14:38:46,434 INFO     kb 

2024-03-20 15:10:18,083 ERROR    kb /home/koustav/miniconda3/lib/python3.10/site-packages/sklearn/linear_model/_sag.py:350: ConvergenceWarning: The max_iter was reached which means the coef_ did not converge
  warnings.warn(

2024-03-20 15:10:18,085 INFO     kb [CV 2/3] END C=1000, l1_ratio=1.0, penalty=elasticnet, solver=saga;, score=0.953 total time=31.5min
2024-03-20 15:10:18,086 INFO     kb 

2024-03-20 15:42:10,337 ERROR    kb /home/koustav/miniconda3/lib/python3.10/site-packages/sklearn/linear_model/_sag.py:350: ConvergenceWarning: The max_iter was reached which means the coef_ did not converge
  warnings.warn(

2024-03-20 15:42:10,340 INFO     kb [CV 3/3] END C=1000, l1_ratio=1.0, penalty=elasticnet, solver=saga;, score=0.957 total time=31.9min
2024-03-20 15:42:10,340 INFO     kb 

2024-03-20 15:42:20,869 INFO     kb [CV 1/3] END C=3000, l1_ratio=0.0, penalty=elasticnet, solver=saga;, score=0.948 total time=  10.5s
2024-03-20 15:42:20,869 INFO     kb 

2024-03-20 15:42:32,005 INFO     kb [CV 2/3] END C=3000, l1_ratio=0.0, penalty=elasticnet, solver=saga;, score=0.954 total time=  11.1s
2024-03-20 15:42:32,006 INFO     kb 

2024-03-20 15:42:42,271 INFO     kb [CV 3/3] END C=3000, l1_ratio=0.0, penalty=elasticnet, solver=saga;, score=0.958 total time=  10.3s
2024-03-20 15:42:42,271 INFO     kb 

2024-03-20 16:33:15,504 INFO     kb [CV 1/3] END C=3000, l1_ratio=0.3333333333333333, penalty=elasticnet, solver=saga;, score=0.948 total time=50.6min
2024-03-20 16:33:15,505 INFO     kb 

2024-03-20 17:26:27,948 ERROR    kb /home/koustav/miniconda3/lib/python3.10/site-packages/sklearn/linear_model/_sag.py:350: ConvergenceWarning: The max_iter was reached which means the coef_ did not converge
  warnings.warn(

2024-03-20 17:26:27,951 INFO     kb [CV 2/3] END C=3000, l1_ratio=0.3333333333333333, penalty=elasticnet, solver=saga;, score=0.953 total time=53.2min
2024-03-20 17:26:27,952 INFO     kb 

2024-03-20 18:17:47,113 INFO     kb [CV 3/3] END C=3000, l1_ratio=0.3333333333333333, penalty=elasticnet, solver=saga;, score=0.958 total time=51.3min
2024-03-20 18:17:47,114 INFO     kb 

2024-03-20 19:02:50,125 ERROR    kb /home/koustav/miniconda3/lib/python3.10/site-packages/sklearn/linear_model/_sag.py:350: ConvergenceWarning: The max_iter was reached which means the coef_ did not converge
  warnings.warn(

2024-03-20 19:02:50,127 INFO     kb [CV 1/3] END C=3000, l1_ratio=0.6666666666666666, penalty=elasticnet, solver=saga;, score=0.947 total time=45.1min
2024-03-20 19:02:50,128 INFO     kb 

2024-03-20 19:49:42,674 ERROR    kb /home/koustav/miniconda3/lib/python3.10/site-packages/sklearn/linear_model/_sag.py:350: ConvergenceWarning: The max_iter was reached which means the coef_ did not converge
  warnings.warn(

2024-03-20 19:49:42,677 INFO     kb [CV 2/3] END C=3000, l1_ratio=0.6666666666666666, penalty=elasticnet, solver=saga;, score=0.953 total time=46.9min
2024-03-20 19:49:42,677 INFO     kb 

2024-03-20 20:37:03,996 ERROR    kb /home/koustav/miniconda3/lib/python3.10/site-packages/sklearn/linear_model/_sag.py:350: ConvergenceWarning: The max_iter was reached which means the coef_ did not converge
  warnings.warn(

2024-03-20 20:37:03,999 INFO     kb [CV 3/3] END C=3000, l1_ratio=0.6666666666666666, penalty=elasticnet, solver=saga;, score=0.958 total time=47.4min
2024-03-20 20:37:04,000 INFO     kb 

2024-03-20 21:17:53,423 ERROR    kb /home/koustav/miniconda3/lib/python3.10/site-packages/sklearn/linear_model/_sag.py:350: ConvergenceWarning: The max_iter was reached which means the coef_ did not converge
  warnings.warn(

2024-03-20 21:17:53,426 INFO     kb [CV 1/3] END C=3000, l1_ratio=1.0, penalty=elasticnet, solver=saga;, score=0.947 total time=40.8min
2024-03-20 21:17:53,426 INFO     kb 

2024-03-20 22:00:17,157 ERROR    kb /home/koustav/miniconda3/lib/python3.10/site-packages/sklearn/linear_model/_sag.py:350: ConvergenceWarning: The max_iter was reached which means the coef_ did not converge
  warnings.warn(

2024-03-20 22:00:17,160 INFO     kb [CV 2/3] END C=3000, l1_ratio=1.0, penalty=elasticnet, solver=saga;, score=0.953 total time=42.4min
2024-03-20 22:00:17,160 INFO     kb 

2024-03-20 22:43:06,789 ERROR    kb /home/koustav/miniconda3/lib/python3.10/site-packages/sklearn/linear_model/_sag.py:350: ConvergenceWarning: The max_iter was reached which means the coef_ did not converge
  warnings.warn(

2024-03-20 22:43:06,791 INFO     kb [CV 3/3] END C=3000, l1_ratio=1.0, penalty=elasticnet, solver=saga;, score=0.957 total time=42.8min
2024-03-20 22:43:06,792 INFO     kb 

2024-03-20 22:43:06,815 INFO     kb [CV 1/3] END .C=0.0001, penalty=l1, solver=saga;, score=0.520 total time=   0.0s
2024-03-20 22:43:06,816 INFO     kb 

2024-03-20 22:43:06,840 INFO     kb [CV 2/3] END .C=0.0001, penalty=l1, solver=saga;, score=0.480 total time=   0.0s
2024-03-20 22:43:06,841 INFO     kb 

2024-03-20 22:43:06,864 INFO     kb [CV 3/3] END .C=0.0001, penalty=l1, solver=saga;, score=0.520 total time=   0.0s
2024-03-20 22:43:06,865 INFO     kb 

2024-03-20 22:43:07,610 INFO     kb [CV 1/3] END .C=0.0001, penalty=l2, solver=saga;, score=0.520 total time=   0.7s
2024-03-20 22:43:07,610 INFO     kb 

2024-03-20 22:43:08,313 INFO     kb [CV 2/3] END .C=0.0001, penalty=l2, solver=saga;, score=0.520 total time=   0.7s
2024-03-20 22:43:08,314 INFO     kb 

2024-03-20 22:43:09,022 INFO     kb [CV 3/3] END .C=0.0001, penalty=l2, solver=saga;, score=0.520 total time=   0.7s
2024-03-20 22:43:09,023 INFO     kb 

2024-03-20 22:43:09,139 INFO     kb [CV 1/3] END ..C=0.001, penalty=l1, solver=saga;, score=0.520 total time=   0.1s
2024-03-20 22:43:09,139 INFO     kb 

2024-03-20 22:43:09,223 INFO     kb [CV 2/3] END ..C=0.001, penalty=l1, solver=saga;, score=0.520 total time=   0.1s
2024-03-20 22:43:09,224 INFO     kb 

2024-03-20 22:43:09,312 INFO     kb [CV 3/3] END ..C=0.001, penalty=l1, solver=saga;, score=0.520 total time=   0.1s
2024-03-20 22:43:09,313 INFO     kb 

2024-03-20 22:43:09,633 INFO     kb [CV 1/3] END ..C=0.001, penalty=l2, solver=saga;, score=0.728 total time=   0.3s
2024-03-20 22:43:09,634 INFO     kb 

2024-03-20 22:43:09,903 INFO     kb [CV 2/3] END ..C=0.001, penalty=l2, solver=saga;, score=0.732 total time=   0.3s
2024-03-20 22:43:09,904 INFO     kb 

2024-03-20 22:43:10,193 INFO     kb [CV 3/3] END ..C=0.001, penalty=l2, solver=saga;, score=0.732 total time=   0.3s
2024-03-20 22:43:10,194 INFO     kb 

2024-03-20 22:43:11,193 INFO     kb [CV 1/3] END ...C=0.01, penalty=l1, solver=saga;, score=0.816 total time=   1.0s
2024-03-20 22:43:11,193 INFO     kb 

2024-03-20 22:43:12,179 INFO     kb [CV 2/3] END ...C=0.01, penalty=l1, solver=saga;, score=0.817 total time=   1.0s
2024-03-20 22:43:12,180 INFO     kb 

2024-03-20 22:43:13,134 INFO     kb [CV 3/3] END ...C=0.01, penalty=l1, solver=saga;, score=0.816 total time=   1.0s
2024-03-20 22:43:13,135 INFO     kb 

2024-03-20 22:43:13,350 INFO     kb [CV 1/3] END ...C=0.01, penalty=l2, solver=saga;, score=0.850 total time=   0.2s
2024-03-20 22:43:13,350 INFO     kb 

2024-03-20 22:43:13,630 INFO     kb [CV 2/3] END ...C=0.01, penalty=l2, solver=saga;, score=0.850 total time=   0.3s
2024-03-20 22:43:13,631 INFO     kb 

2024-03-20 22:43:13,878 INFO     kb [CV 3/3] END ...C=0.01, penalty=l2, solver=saga;, score=0.847 total time=   0.2s
2024-03-20 22:43:13,879 INFO     kb 

2024-03-20 22:43:15,181 INFO     kb [CV 1/3] END ....C=0.1, penalty=l1, solver=saga;, score=0.884 total time=   1.3s
2024-03-20 22:43:15,182 INFO     kb 

2024-03-20 22:43:16,397 INFO     kb [CV 2/3] END ....C=0.1, penalty=l1, solver=saga;, score=0.884 total time=   1.2s
2024-03-20 22:43:16,397 INFO     kb 

2024-03-20 22:43:19,088 INFO     kb [CV 3/3] END ....C=0.1, penalty=l1, solver=saga;, score=0.887 total time=   2.7s
2024-03-20 22:43:19,089 INFO     kb 

2024-03-20 22:43:21,188 INFO     kb [CV 1/3] END ....C=0.1, penalty=l2, solver=saga;, score=0.915 total time=   2.1s
2024-03-20 22:43:21,188 INFO     kb 

2024-03-20 22:43:23,521 INFO     kb [CV 2/3] END ....C=0.1, penalty=l2, solver=saga;, score=0.917 total time=   2.3s
2024-03-20 22:43:23,522 INFO     kb 

2024-03-20 22:43:25,969 INFO     kb [CV 3/3] END ....C=0.1, penalty=l2, solver=saga;, score=0.923 total time=   2.4s
2024-03-20 22:43:25,969 INFO     kb 

2024-03-20 22:43:39,430 INFO     kb [CV 1/3] END ....C=0.5, penalty=l1, solver=saga;, score=0.924 total time=  13.5s
2024-03-20 22:43:39,431 INFO     kb 

2024-03-20 22:43:51,925 INFO     kb [CV 2/3] END ....C=0.5, penalty=l1, solver=saga;, score=0.929 total time=  12.5s
2024-03-20 22:43:51,926 INFO     kb 

2024-03-20 22:44:04,398 INFO     kb [CV 3/3] END ....C=0.5, penalty=l1, solver=saga;, score=0.934 total time=  12.5s
2024-03-20 22:44:04,398 INFO     kb 

2024-03-20 22:44:08,278 INFO     kb [CV 1/3] END ....C=0.5, penalty=l2, solver=saga;, score=0.940 total time=   3.9s
2024-03-20 22:44:08,279 INFO     kb 

2024-03-20 22:44:12,276 INFO     kb [CV 2/3] END ....C=0.5, penalty=l2, solver=saga;, score=0.943 total time=   4.0s
2024-03-20 22:44:12,277 INFO     kb 

2024-03-20 22:44:16,232 INFO     kb [CV 3/3] END ....C=0.5, penalty=l2, solver=saga;, score=0.949 total time=   4.0s
2024-03-20 22:44:16,232 INFO     kb 

2024-03-20 22:44:35,503 INFO     kb [CV 1/3] END ......C=1, penalty=l1, solver=saga;, score=0.935 total time=  19.3s
2024-03-20 22:44:35,503 INFO     kb 

2024-03-20 22:44:54,578 INFO     kb [CV 2/3] END ......C=1, penalty=l1, solver=saga;, score=0.940 total time=  19.1s
2024-03-20 22:44:54,579 INFO     kb 

2024-03-20 22:45:13,690 INFO     kb [CV 3/3] END ......C=1, penalty=l1, solver=saga;, score=0.945 total time=  19.1s
2024-03-20 22:45:13,691 INFO     kb 

2024-03-20 22:45:18,618 INFO     kb [CV 1/3] END ......C=1, penalty=l2, solver=saga;, score=0.947 total time=   4.9s
2024-03-20 22:45:18,619 INFO     kb 

2024-03-20 22:45:23,640 INFO     kb [CV 2/3] END ......C=1, penalty=l2, solver=saga;, score=0.949 total time=   5.0s
2024-03-20 22:45:23,640 INFO     kb 

2024-03-20 22:45:28,550 INFO     kb [CV 3/3] END ......C=1, penalty=l2, solver=saga;, score=0.955 total time=   4.9s
2024-03-20 22:45:28,551 INFO     kb 

2024-03-20 22:46:58,830 INFO     kb [CV 1/3] END ......C=5, penalty=l1, solver=saga;, score=0.946 total time= 1.5min
2024-03-20 22:46:58,831 INFO     kb 

2024-03-20 22:48:25,026 INFO     kb [CV 2/3] END ......C=5, penalty=l1, solver=saga;, score=0.952 total time= 1.4min
2024-03-20 22:48:25,026 INFO     kb 

2024-03-20 22:50:08,605 INFO     kb [CV 3/3] END ......C=5, penalty=l1, solver=saga;, score=0.958 total time= 1.7min
2024-03-20 22:50:08,606 INFO     kb 

2024-03-20 22:50:15,736 INFO     kb [CV 1/3] END ......C=5, penalty=l2, solver=saga;, score=0.955 total time=   7.1s
2024-03-20 22:50:15,737 INFO     kb 

2024-03-20 22:50:22,776 INFO     kb [CV 2/3] END ......C=5, penalty=l2, solver=saga;, score=0.958 total time=   7.0s
2024-03-20 22:50:22,777 INFO     kb 

2024-03-20 22:50:29,800 INFO     kb [CV 3/3] END ......C=5, penalty=l2, solver=saga;, score=0.962 total time=   7.0s
2024-03-20 22:50:29,801 INFO     kb 

2024-03-20 22:54:43,081 INFO     kb [CV 1/3] END .....C=12, penalty=l1, solver=saga;, score=0.944 total time= 4.2min
2024-03-20 22:54:43,082 INFO     kb 

2024-03-20 22:58:45,727 INFO     kb [CV 2/3] END .....C=12, penalty=l1, solver=saga;, score=0.952 total time= 4.0min
2024-03-20 22:58:45,728 INFO     kb 

2024-03-20 23:02:58,349 INFO     kb [CV 3/3] END .....C=12, penalty=l1, solver=saga;, score=0.955 total time= 4.2min
2024-03-20 23:02:58,349 INFO     kb 

2024-03-20 23:03:06,248 INFO     kb [CV 1/3] END .....C=12, penalty=l2, solver=saga;, score=0.954 total time=   7.9s
2024-03-20 23:03:06,248 INFO     kb 

2024-03-20 23:03:13,760 INFO     kb [CV 2/3] END .....C=12, penalty=l2, solver=saga;, score=0.958 total time=   7.5s
2024-03-20 23:03:13,760 INFO     kb 

2024-03-20 23:03:21,599 INFO     kb [CV 3/3] END .....C=12, penalty=l2, solver=saga;, score=0.963 total time=   7.8s
2024-03-20 23:03:21,599 INFO     kb 

2024-03-20 23:08:59,852 ERROR    kb /home/koustav/miniconda3/lib/python3.10/site-packages/sklearn/linear_model/_sag.py:350: ConvergenceWarning: The max_iter was reached which means the coef_ did not converge
  warnings.warn(

2024-03-20 23:08:59,855 INFO     kb [CV 1/3] END .....C=24, penalty=l1, solver=saga;, score=0.944 total time= 5.6min
2024-03-20 23:08:59,855 INFO     kb 

2024-03-20 23:15:04,143 ERROR    kb /home/koustav/miniconda3/lib/python3.10/site-packages/sklearn/linear_model/_sag.py:350: ConvergenceWarning: The max_iter was reached which means the coef_ did not converge
  warnings.warn(

2024-03-20 23:15:04,146 INFO     kb [CV 2/3] END .....C=24, penalty=l1, solver=saga;, score=0.952 total time= 6.1min
2024-03-20 23:15:04,146 INFO     kb 

2024-03-20 23:21:15,514 ERROR    kb /home/koustav/miniconda3/lib/python3.10/site-packages/sklearn/linear_model/_sag.py:350: ConvergenceWarning: The max_iter was reached which means the coef_ did not converge
  warnings.warn(

2024-03-20 23:21:15,517 INFO     kb [CV 3/3] END .....C=24, penalty=l1, solver=saga;, score=0.955 total time= 6.2min
2024-03-20 23:21:15,518 INFO     kb 

2024-03-20 23:21:22,386 INFO     kb [CV 1/3] END .....C=24, penalty=l2, solver=saga;, score=0.953 total time=   6.9s
2024-03-20 23:21:22,386 INFO     kb 

2024-03-20 23:21:28,119 INFO     kb [CV 2/3] END .....C=24, penalty=l2, solver=saga;, score=0.959 total time=   5.7s
2024-03-20 23:21:28,120 INFO     kb 

2024-03-20 23:21:34,722 INFO     kb [CV 3/3] END .....C=24, penalty=l2, solver=saga;, score=0.962 total time=   6.6s
2024-03-20 23:21:34,722 INFO     kb 

2024-03-20 23:28:11,738 ERROR    kb /home/koustav/miniconda3/lib/python3.10/site-packages/sklearn/linear_model/_sag.py:350: ConvergenceWarning: The max_iter was reached which means the coef_ did not converge
  warnings.warn(

2024-03-20 23:28:11,741 INFO     kb [CV 1/3] END .....C=35, penalty=l1, solver=saga;, score=0.944 total time= 6.6min
2024-03-20 23:28:11,742 INFO     kb 

2024-03-20 23:35:22,622 ERROR    kb /home/koustav/miniconda3/lib/python3.10/site-packages/sklearn/linear_model/_sag.py:350: ConvergenceWarning: The max_iter was reached which means the coef_ did not converge
  warnings.warn(

2024-03-20 23:35:22,624 INFO     kb [CV 2/3] END .....C=35, penalty=l1, solver=saga;, score=0.952 total time= 7.2min
2024-03-20 23:35:22,625 INFO     kb 

2024-03-20 23:42:37,421 ERROR    kb /home/koustav/miniconda3/lib/python3.10/site-packages/sklearn/linear_model/_sag.py:350: ConvergenceWarning: The max_iter was reached which means the coef_ did not converge
  warnings.warn(

2024-03-20 23:42:37,424 INFO     kb [CV 3/3] END .....C=35, penalty=l1, solver=saga;, score=0.956 total time= 7.2min
2024-03-20 23:42:37,424 INFO     kb 

2024-03-20 23:42:41,905 INFO     kb [CV 1/3] END .....C=35, penalty=l2, solver=saga;, score=0.953 total time=   4.5s
2024-03-20 23:42:41,906 INFO     kb 

2024-03-20 23:42:43,936 INFO     kb [CV 2/3] END .....C=35, penalty=l2, solver=saga;, score=0.958 total time=   2.0s
2024-03-20 23:42:43,936 INFO     kb 

2024-03-20 23:42:47,747 INFO     kb [CV 3/3] END .....C=35, penalty=l2, solver=saga;, score=0.961 total time=   3.8s
2024-03-20 23:42:47,747 INFO     kb 

2024-03-20 23:50:34,248 ERROR    kb /home/koustav/miniconda3/lib/python3.10/site-packages/sklearn/linear_model/_sag.py:350: ConvergenceWarning: The max_iter was reached which means the coef_ did not converge
  warnings.warn(

2024-03-20 23:50:34,251 INFO     kb [CV 1/3] END .....C=50, penalty=l1, solver=saga;, score=0.945 total time= 7.8min
2024-03-20 23:50:34,251 INFO     kb 

2024-03-20 23:59:00,916 ERROR    kb /home/koustav/miniconda3/lib/python3.10/site-packages/sklearn/linear_model/_sag.py:350: ConvergenceWarning: The max_iter was reached which means the coef_ did not converge
  warnings.warn(

2024-03-20 23:59:00,918 INFO     kb [CV 2/3] END .....C=50, penalty=l1, solver=saga;, score=0.951 total time= 8.4min
2024-03-20 23:59:00,919 INFO     kb 

2024-03-21 00:07:33,661 ERROR    kb /home/koustav/miniconda3/lib/python3.10/site-packages/sklearn/linear_model/_sag.py:350: ConvergenceWarning: The max_iter was reached which means the coef_ did not converge
  warnings.warn(

2024-03-21 00:07:33,663 INFO     kb [CV 3/3] END .....C=50, penalty=l1, solver=saga;, score=0.956 total time= 8.5min
2024-03-21 00:07:33,664 INFO     kb 

2024-03-21 00:07:36,172 INFO     kb [CV 1/3] END .....C=50, penalty=l2, solver=saga;, score=0.952 total time=   2.5s
2024-03-21 00:07:36,172 INFO     kb 

2024-03-21 00:07:38,636 INFO     kb [CV 2/3] END .....C=50, penalty=l2, solver=saga;, score=0.958 total time=   2.5s
2024-03-21 00:07:38,637 INFO     kb 

2024-03-21 00:07:41,122 INFO     kb [CV 3/3] END .....C=50, penalty=l2, solver=saga;, score=0.961 total time=   2.5s
2024-03-21 00:07:41,123 INFO     kb 

2024-03-21 00:18:37,034 ERROR    kb /home/koustav/miniconda3/lib/python3.10/site-packages/sklearn/linear_model/_sag.py:350: ConvergenceWarning: The max_iter was reached which means the coef_ did not converge
  warnings.warn(

2024-03-21 00:18:37,036 INFO     kb [CV 1/3] END ....C=100, penalty=l1, solver=saga;, score=0.947 total time=10.9min
2024-03-21 00:18:37,037 INFO     kb 

2024-03-21 00:30:15,311 ERROR    kb /home/koustav/miniconda3/lib/python3.10/site-packages/sklearn/linear_model/_sag.py:350: ConvergenceWarning: The max_iter was reached which means the coef_ did not converge
  warnings.warn(

2024-03-21 00:30:15,314 INFO     kb [CV 2/3] END ....C=100, penalty=l1, solver=saga;, score=0.952 total time=11.6min
2024-03-21 00:30:15,315 INFO     kb 

2024-03-21 00:41:59,105 ERROR    kb /home/koustav/miniconda3/lib/python3.10/site-packages/sklearn/linear_model/_sag.py:350: ConvergenceWarning: The max_iter was reached which means the coef_ did not converge
  warnings.warn(

2024-03-21 00:41:59,107 INFO     kb [CV 3/3] END ....C=100, penalty=l1, solver=saga;, score=0.956 total time=11.7min
2024-03-21 00:41:59,108 INFO     kb 

2024-03-21 00:42:02,761 INFO     kb [CV 1/3] END ....C=100, penalty=l2, solver=saga;, score=0.951 total time=   3.7s
2024-03-21 00:42:02,761 INFO     kb 

2024-03-21 00:42:06,109 INFO     kb [CV 2/3] END ....C=100, penalty=l2, solver=saga;, score=0.957 total time=   3.3s
2024-03-21 00:42:06,109 INFO     kb 

2024-03-21 00:42:09,654 INFO     kb [CV 3/3] END ....C=100, penalty=l2, solver=saga;, score=0.960 total time=   3.5s
2024-03-21 00:42:09,654 INFO     kb 

2024-03-21 00:58:40,005 ERROR    kb /home/koustav/miniconda3/lib/python3.10/site-packages/sklearn/linear_model/_sag.py:350: ConvergenceWarning: The max_iter was reached which means the coef_ did not converge
  warnings.warn(

2024-03-21 00:58:40,007 INFO     kb [CV 1/3] END ....C=250, penalty=l1, solver=saga;, score=0.947 total time=16.5min
2024-03-21 00:58:40,008 INFO     kb 

2024-03-21 01:16:35,435 ERROR    kb /home/koustav/miniconda3/lib/python3.10/site-packages/sklearn/linear_model/_sag.py:350: ConvergenceWarning: The max_iter was reached which means the coef_ did not converge
  warnings.warn(

2024-03-21 01:16:35,438 INFO     kb [CV 2/3] END ....C=250, penalty=l1, solver=saga;, score=0.952 total time=17.9min
2024-03-21 01:16:35,439 INFO     kb 

2024-03-21 01:34:34,537 ERROR    kb /home/koustav/miniconda3/lib/python3.10/site-packages/sklearn/linear_model/_sag.py:350: ConvergenceWarning: The max_iter was reached which means the coef_ did not converge
  warnings.warn(

2024-03-21 01:34:34,540 INFO     kb [CV 3/3] END ....C=250, penalty=l1, solver=saga;, score=0.956 total time=18.0min
2024-03-21 01:34:34,540 INFO     kb 

2024-03-21 01:34:38,537 INFO     kb [CV 1/3] END ....C=250, penalty=l2, solver=saga;, score=0.950 total time=   4.0s
2024-03-21 01:34:38,538 INFO     kb 

2024-03-21 01:34:42,550 INFO     kb [CV 2/3] END ....C=250, penalty=l2, solver=saga;, score=0.956 total time=   4.0s
2024-03-21 01:34:42,551 INFO     kb 

2024-03-21 01:34:46,726 INFO     kb [CV 3/3] END ....C=250, penalty=l2, solver=saga;, score=0.959 total time=   4.2s
2024-03-21 01:34:46,727 INFO     kb 

2024-03-21 02:01:36,360 ERROR    kb /home/koustav/miniconda3/lib/python3.10/site-packages/sklearn/linear_model/_sag.py:350: ConvergenceWarning: The max_iter was reached which means the coef_ did not converge
  warnings.warn(

2024-03-21 02:01:36,363 INFO     kb [CV 1/3] END ....C=750, penalty=l1, solver=saga;, score=0.947 total time=26.8min
2024-03-21 02:01:36,363 INFO     kb 

2024-03-21 02:30:03,859 ERROR    kb /home/koustav/miniconda3/lib/python3.10/site-packages/sklearn/linear_model/_sag.py:350: ConvergenceWarning: The max_iter was reached which means the coef_ did not converge
  warnings.warn(

2024-03-21 02:30:03,862 INFO     kb [CV 2/3] END ....C=750, penalty=l1, solver=saga;, score=0.953 total time=28.5min
2024-03-21 02:30:03,862 INFO     kb 

2024-03-21 02:58:48,845 ERROR    kb /home/koustav/miniconda3/lib/python3.10/site-packages/sklearn/linear_model/_sag.py:350: ConvergenceWarning: The max_iter was reached which means the coef_ did not converge
  warnings.warn(

2024-03-21 02:58:48,848 INFO     kb [CV 3/3] END ....C=750, penalty=l1, solver=saga;, score=0.957 total time=28.7min
2024-03-21 02:58:48,848 INFO     kb 

2024-03-21 02:58:54,535 INFO     kb [CV 1/3] END ....C=750, penalty=l2, solver=saga;, score=0.949 total time=   5.7s
2024-03-21 02:58:54,536 INFO     kb 

2024-03-21 02:59:00,037 INFO     kb [CV 2/3] END ....C=750, penalty=l2, solver=saga;, score=0.955 total time=   5.5s
2024-03-21 02:59:00,038 INFO     kb 

2024-03-21 02:59:05,939 INFO     kb [CV 3/3] END ....C=750, penalty=l2, solver=saga;, score=0.959 total time=   5.9s
2024-03-21 02:59:05,939 INFO     kb 

2024-03-21 03:36:00,396 ERROR    kb /home/koustav/miniconda3/lib/python3.10/site-packages/sklearn/linear_model/_sag.py:350: ConvergenceWarning: The max_iter was reached which means the coef_ did not converge
  warnings.warn(

2024-03-21 03:36:00,399 INFO     kb [CV 1/3] END ...C=2000, penalty=l1, solver=saga;, score=0.947 total time=36.9min
2024-03-21 03:36:00,399 INFO     kb 

2024-03-21 04:14:40,446 ERROR    kb /home/koustav/miniconda3/lib/python3.10/site-packages/sklearn/linear_model/_sag.py:350: ConvergenceWarning: The max_iter was reached which means the coef_ did not converge
  warnings.warn(

2024-03-21 04:14:40,449 INFO     kb [CV 2/3] END ...C=2000, penalty=l1, solver=saga;, score=0.953 total time=38.7min
2024-03-21 04:14:40,449 INFO     kb 

2024-03-21 04:53:46,273 ERROR    kb /home/koustav/miniconda3/lib/python3.10/site-packages/sklearn/linear_model/_sag.py:350: ConvergenceWarning: The max_iter was reached which means the coef_ did not converge
  warnings.warn(

2024-03-21 04:53:46,276 INFO     kb [CV 3/3] END ...C=2000, penalty=l1, solver=saga;, score=0.957 total time=39.1min
2024-03-21 04:53:46,276 INFO     kb 

2024-03-21 04:53:55,062 INFO     kb [CV 1/3] END ...C=2000, penalty=l2, solver=saga;, score=0.948 total time=   8.8s
2024-03-21 04:53:55,062 INFO     kb 

2024-03-21 04:54:04,489 INFO     kb [CV 2/3] END ...C=2000, penalty=l2, solver=saga;, score=0.955 total time=   9.4s
2024-03-21 04:54:04,489 INFO     kb 

2024-03-21 04:54:13,152 INFO     kb [CV 3/3] END ...C=2000, penalty=l2, solver=saga;, score=0.958 total time=   8.7s
2024-03-21 04:54:13,153 INFO     kb 

2024-03-21 05:39:18,613 ERROR    kb /home/koustav/miniconda3/lib/python3.10/site-packages/sklearn/linear_model/_sag.py:350: ConvergenceWarning: The max_iter was reached which means the coef_ did not converge
  warnings.warn(

2024-03-21 05:39:18,616 INFO     kb [CV 1/3] END ...C=5000, penalty=l1, solver=saga;, score=0.947 total time=45.1min
2024-03-21 05:39:18,616 INFO     kb 

2024-03-21 06:26:14,128 ERROR    kb /home/koustav/miniconda3/lib/python3.10/site-packages/sklearn/linear_model/_sag.py:350: ConvergenceWarning: The max_iter was reached which means the coef_ did not converge
  warnings.warn(

2024-03-21 06:26:14,131 INFO     kb [CV 2/3] END ...C=5000, penalty=l1, solver=saga;, score=0.953 total time=46.9min
2024-03-21 06:26:14,131 INFO     kb 

2024-03-21 07:13:37,736 ERROR    kb /home/koustav/miniconda3/lib/python3.10/site-packages/sklearn/linear_model/_sag.py:350: ConvergenceWarning: The max_iter was reached which means the coef_ did not converge
  warnings.warn(

2024-03-21 07:13:37,738 INFO     kb [CV 3/3] END ...C=5000, penalty=l1, solver=saga;, score=0.958 total time=47.4min
2024-03-21 07:13:37,739 INFO     kb 

2024-03-21 07:13:50,383 ERROR    kb /home/koustav/miniconda3/lib/python3.10/site-packages/sklearn/linear_model/_sag.py:350: ConvergenceWarning: The max_iter was reached which means the coef_ did not converge
  warnings.warn(

2024-03-21 07:13:50,386 INFO     kb [CV 1/3] END ...C=5000, penalty=l2, solver=saga;, score=0.948 total time=  12.6s
2024-03-21 07:13:50,386 INFO     kb 

2024-03-21 07:14:03,161 ERROR    kb /home/koustav/miniconda3/lib/python3.10/site-packages/sklearn/linear_model/_sag.py:350: ConvergenceWarning: The max_iter was reached which means the coef_ did not converge
  warnings.warn(

2024-03-21 07:14:03,164 INFO     kb [CV 2/3] END ...C=5000, penalty=l2, solver=saga;, score=0.954 total time=  12.8s
2024-03-21 07:14:03,165 INFO     kb 

2024-03-21 07:14:15,421 INFO     kb [CV 3/3] END ...C=5000, penalty=l2, solver=saga;, score=0.958 total time=  12.3s
2024-03-21 07:14:15,422 INFO     kb 

2024-03-21 07:14:15,469 INFO     kb [CV 1/3] END C=0.0001, penalty=l1, solver=liblinear;, score=0.520 total time=   0.0s
2024-03-21 07:14:15,469 INFO     kb 

2024-03-21 07:14:15,540 INFO     kb [CV 2/3] END C=0.0001, penalty=l1, solver=liblinear;, score=0.520 total time=   0.1s
2024-03-21 07:14:15,541 INFO     kb 

2024-03-21 07:14:15,565 INFO     kb [CV 3/3] END C=0.0001, penalty=l1, solver=liblinear;, score=0.520 total time=   0.0s
2024-03-21 07:14:15,565 INFO     kb 

2024-03-21 07:14:15,628 INFO     kb [CV 1/3] END C=0.0001, penalty=l2, solver=liblinear;, score=0.521 total time=   0.1s
2024-03-21 07:14:15,628 INFO     kb 

2024-03-21 07:14:15,676 INFO     kb [CV 2/3] END C=0.0001, penalty=l2, solver=liblinear;, score=0.521 total time=   0.0s
2024-03-21 07:14:15,677 INFO     kb 

2024-03-21 07:14:15,733 INFO     kb [CV 3/3] END C=0.0001, penalty=l2, solver=liblinear;, score=0.521 total time=   0.1s
2024-03-21 07:14:15,734 INFO     kb 

2024-03-21 07:14:15,757 INFO     kb [CV 1/3] END C=0.001, penalty=l1, solver=liblinear;, score=0.520 total time=   0.0s
2024-03-21 07:14:15,757 INFO     kb 

2024-03-21 07:14:15,790 INFO     kb [CV 2/3] END C=0.001, penalty=l1, solver=liblinear;, score=0.520 total time=   0.0s
2024-03-21 07:14:15,791 INFO     kb 

2024-03-21 07:14:15,812 INFO     kb [CV 3/3] END C=0.001, penalty=l1, solver=liblinear;, score=0.520 total time=   0.0s
2024-03-21 07:14:15,812 INFO     kb 

2024-03-21 07:14:15,875 INFO     kb [CV 1/3] END C=0.001, penalty=l2, solver=liblinear;, score=0.696 total time=   0.1s
2024-03-21 07:14:15,876 INFO     kb 

2024-03-21 07:14:15,932 INFO     kb [CV 2/3] END C=0.001, penalty=l2, solver=liblinear;, score=0.695 total time=   0.1s
2024-03-21 07:14:15,932 INFO     kb 

2024-03-21 07:14:15,994 INFO     kb [CV 3/3] END C=0.001, penalty=l2, solver=liblinear;, score=0.697 total time=   0.1s
2024-03-21 07:14:15,994 INFO     kb 

2024-03-21 07:14:16,160 INFO     kb [CV 1/3] END C=0.01, penalty=l1, solver=liblinear;, score=0.812 total time=   0.2s
2024-03-21 07:14:16,161 INFO     kb 

2024-03-21 07:14:16,316 INFO     kb [CV 2/3] END C=0.01, penalty=l1, solver=liblinear;, score=0.811 total time=   0.2s
2024-03-21 07:14:16,317 INFO     kb 

2024-03-21 07:14:16,449 INFO     kb [CV 3/3] END C=0.01, penalty=l1, solver=liblinear;, score=0.808 total time=   0.1s
2024-03-21 07:14:16,450 INFO     kb 

2024-03-21 07:14:16,522 INFO     kb [CV 1/3] END C=0.01, penalty=l2, solver=liblinear;, score=0.847 total time=   0.1s
2024-03-21 07:14:16,522 INFO     kb 

2024-03-21 07:14:16,619 INFO     kb [CV 2/3] END C=0.01, penalty=l2, solver=liblinear;, score=0.850 total time=   0.1s
2024-03-21 07:14:16,619 INFO     kb 

2024-03-21 07:14:16,695 INFO     kb [CV 3/3] END C=0.01, penalty=l2, solver=liblinear;, score=0.848 total time=   0.1s
2024-03-21 07:14:16,696 INFO     kb 

2024-03-21 07:14:17,590 INFO     kb [CV 1/3] END C=0.1, penalty=l1, solver=liblinear;, score=0.885 total time=   0.9s
2024-03-21 07:14:17,591 INFO     kb 

2024-03-21 07:14:18,533 INFO     kb [CV 2/3] END C=0.1, penalty=l1, solver=liblinear;, score=0.884 total time=   0.9s
2024-03-21 07:14:18,534 INFO     kb 

2024-03-21 07:14:19,489 INFO     kb [CV 3/3] END C=0.1, penalty=l1, solver=liblinear;, score=0.887 total time=   1.0s
2024-03-21 07:14:19,490 INFO     kb 

2024-03-21 07:14:19,587 INFO     kb [CV 1/3] END C=0.1, penalty=l2, solver=liblinear;, score=0.916 total time=   0.1s
2024-03-21 07:14:19,587 INFO     kb 

2024-03-21 07:14:19,692 INFO     kb [CV 2/3] END C=0.1, penalty=l2, solver=liblinear;, score=0.918 total time=   0.1s
2024-03-21 07:14:19,693 INFO     kb 

2024-03-21 07:14:19,802 INFO     kb [CV 3/3] END C=0.1, penalty=l2, solver=liblinear;, score=0.924 total time=   0.1s
2024-03-21 07:14:19,802 INFO     kb 

2024-03-21 07:14:23,563 INFO     kb [CV 1/3] END C=0.5, penalty=l1, solver=liblinear;, score=0.925 total time=   3.8s
2024-03-21 07:14:23,564 INFO     kb 

2024-03-21 07:14:27,258 INFO     kb [CV 2/3] END C=0.5, penalty=l1, solver=liblinear;, score=0.929 total time=   3.7s
2024-03-21 07:14:27,258 INFO     kb 

2024-03-21 07:14:31,118 INFO     kb [CV 3/3] END C=0.5, penalty=l1, solver=liblinear;, score=0.934 total time=   3.9s
2024-03-21 07:14:31,118 INFO     kb 

2024-03-21 07:14:31,266 INFO     kb [CV 1/3] END C=0.5, penalty=l2, solver=liblinear;, score=0.940 total time=   0.1s
2024-03-21 07:14:31,266 INFO     kb 

2024-03-21 07:14:31,438 INFO     kb [CV 2/3] END C=0.5, penalty=l2, solver=liblinear;, score=0.943 total time=   0.2s
2024-03-21 07:14:31,438 INFO     kb 

2024-03-21 07:14:31,653 INFO     kb [CV 3/3] END C=0.5, penalty=l2, solver=liblinear;, score=0.948 total time=   0.2s
2024-03-21 07:14:31,654 INFO     kb 

2024-03-21 07:14:36,278 INFO     kb [CV 1/3] END .C=1, penalty=l1, solver=liblinear;, score=0.935 total time=   4.6s
2024-03-21 07:14:36,279 INFO     kb 

2024-03-21 07:14:40,606 INFO     kb [CV 2/3] END .C=1, penalty=l1, solver=liblinear;, score=0.940 total time=   4.3s
2024-03-21 07:14:40,606 INFO     kb 

2024-03-21 07:14:45,121 INFO     kb [CV 3/3] END .C=1, penalty=l1, solver=liblinear;, score=0.945 total time=   4.5s
2024-03-21 07:14:45,121 INFO     kb 

2024-03-21 07:14:45,306 INFO     kb [CV 1/3] END .C=1, penalty=l2, solver=liblinear;, score=0.947 total time=   0.2s
2024-03-21 07:14:45,306 INFO     kb 

2024-03-21 07:14:45,497 INFO     kb [CV 2/3] END .C=1, penalty=l2, solver=liblinear;, score=0.949 total time=   0.2s
2024-03-21 07:14:45,498 INFO     kb 

2024-03-21 07:14:45,660 INFO     kb [CV 3/3] END .C=1, penalty=l2, solver=liblinear;, score=0.956 total time=   0.2s
2024-03-21 07:14:45,661 INFO     kb 

2024-03-21 07:14:48,818 INFO     kb [CV 1/3] END .C=5, penalty=l1, solver=liblinear;, score=0.946 total time=   3.2s
2024-03-21 07:14:48,819 INFO     kb 

2024-03-21 07:14:52,005 INFO     kb [CV 2/3] END .C=5, penalty=l1, solver=liblinear;, score=0.951 total time=   3.2s
2024-03-21 07:14:52,006 INFO     kb 

2024-03-21 07:14:57,099 INFO     kb [CV 3/3] END .C=5, penalty=l1, solver=liblinear;, score=0.957 total time=   5.1s
2024-03-21 07:14:57,099 INFO     kb 

2024-03-21 07:14:57,313 INFO     kb [CV 1/3] END .C=5, penalty=l2, solver=liblinear;, score=0.955 total time=   0.2s
2024-03-21 07:14:57,313 INFO     kb 

2024-03-21 07:14:57,580 INFO     kb [CV 2/3] END .C=5, penalty=l2, solver=liblinear;, score=0.958 total time=   0.3s
2024-03-21 07:14:57,580 INFO     kb 

2024-03-21 07:14:57,844 INFO     kb [CV 3/3] END .C=5, penalty=l2, solver=liblinear;, score=0.962 total time=   0.3s
2024-03-21 07:14:57,844 INFO     kb 

2024-03-21 07:14:59,546 INFO     kb [CV 1/3] END C=12, penalty=l1, solver=liblinear;, score=0.945 total time=   1.7s
2024-03-21 07:14:59,546 INFO     kb 

2024-03-21 07:14:59,870 INFO     kb [CV 2/3] END C=12, penalty=l1, solver=liblinear;, score=0.951 total time=   0.3s
2024-03-21 07:14:59,871 INFO     kb 

2024-03-21 07:15:02,976 INFO     kb [CV 3/3] END C=12, penalty=l1, solver=liblinear;, score=0.955 total time=   3.1s
2024-03-21 07:15:02,976 INFO     kb 

2024-03-21 07:15:03,334 INFO     kb [CV 1/3] END C=12, penalty=l2, solver=liblinear;, score=0.954 total time=   0.4s
2024-03-21 07:15:03,334 INFO     kb 

2024-03-21 07:15:03,701 INFO     kb [CV 2/3] END C=12, penalty=l2, solver=liblinear;, score=0.958 total time=   0.4s
2024-03-21 07:15:03,701 INFO     kb 

2024-03-21 07:15:03,968 INFO     kb [CV 3/3] END C=12, penalty=l2, solver=liblinear;, score=0.963 total time=   0.3s
2024-03-21 07:15:03,968 INFO     kb 

2024-03-21 07:15:04,481 INFO     kb [CV 1/3] END C=24, penalty=l1, solver=liblinear;, score=0.943 total time=   0.5s
2024-03-21 07:15:04,482 INFO     kb 

2024-03-21 07:15:04,954 INFO     kb [CV 2/3] END C=24, penalty=l1, solver=liblinear;, score=0.950 total time=   0.5s
2024-03-21 07:15:04,955 INFO     kb 

2024-03-21 07:15:05,309 INFO     kb [CV 3/3] END C=24, penalty=l1, solver=liblinear;, score=0.954 total time=   0.4s
2024-03-21 07:15:05,310 INFO     kb 

2024-03-21 07:15:05,629 INFO     kb [CV 1/3] END C=24, penalty=l2, solver=liblinear;, score=0.953 total time=   0.3s
2024-03-21 07:15:05,629 INFO     kb 

2024-03-21 07:15:06,002 INFO     kb [CV 2/3] END C=24, penalty=l2, solver=liblinear;, score=0.958 total time=   0.4s
2024-03-21 07:15:06,003 INFO     kb 

2024-03-21 07:15:06,326 INFO     kb [CV 3/3] END C=24, penalty=l2, solver=liblinear;, score=0.962 total time=   0.3s
2024-03-21 07:15:06,327 INFO     kb 

2024-03-21 07:15:06,782 INFO     kb [CV 1/3] END C=35, penalty=l1, solver=liblinear;, score=0.943 total time=   0.5s
2024-03-21 07:15:06,783 INFO     kb 

2024-03-21 07:15:07,092 INFO     kb [CV 2/3] END C=35, penalty=l1, solver=liblinear;, score=0.949 total time=   0.3s
2024-03-21 07:15:07,093 INFO     kb 

2024-03-21 07:15:07,430 INFO     kb [CV 3/3] END C=35, penalty=l1, solver=liblinear;, score=0.954 total time=   0.3s
2024-03-21 07:15:07,431 INFO     kb 

2024-03-21 07:15:07,751 INFO     kb [CV 1/3] END C=35, penalty=l2, solver=liblinear;, score=0.953 total time=   0.3s
2024-03-21 07:15:07,751 INFO     kb 

2024-03-21 07:15:08,122 INFO     kb [CV 2/3] END C=35, penalty=l2, solver=liblinear;, score=0.958 total time=   0.4s
2024-03-21 07:15:08,123 INFO     kb 

2024-03-21 07:15:08,498 INFO     kb [CV 3/3] END C=35, penalty=l2, solver=liblinear;, score=0.961 total time=   0.4s
2024-03-21 07:15:08,499 INFO     kb 

2024-03-21 07:15:08,827 INFO     kb [CV 1/3] END C=50, penalty=l1, solver=liblinear;, score=0.942 total time=   0.3s
2024-03-21 07:15:08,827 INFO     kb 

2024-03-21 07:15:09,105 INFO     kb [CV 2/3] END C=50, penalty=l1, solver=liblinear;, score=0.948 total time=   0.3s
2024-03-21 07:15:09,105 INFO     kb 

2024-03-21 07:15:09,444 INFO     kb [CV 3/3] END C=50, penalty=l1, solver=liblinear;, score=0.954 total time=   0.3s
2024-03-21 07:15:09,445 INFO     kb 

2024-03-21 07:15:09,806 INFO     kb [CV 1/3] END C=50, penalty=l2, solver=liblinear;, score=0.953 total time=   0.4s
2024-03-21 07:15:09,807 INFO     kb 

2024-03-21 07:15:10,201 INFO     kb [CV 2/3] END C=50, penalty=l2, solver=liblinear;, score=0.957 total time=   0.4s
2024-03-21 07:15:10,202 INFO     kb 

2024-03-21 07:15:10,563 INFO     kb [CV 3/3] END C=50, penalty=l2, solver=liblinear;, score=0.960 total time=   0.4s
2024-03-21 07:15:10,564 INFO     kb 

2024-03-21 07:15:10,832 INFO     kb [CV 1/3] END C=100, penalty=l1, solver=liblinear;, score=0.942 total time=   0.3s
2024-03-21 07:15:10,833 INFO     kb 

2024-03-21 07:15:11,141 INFO     kb [CV 2/3] END C=100, penalty=l1, solver=liblinear;, score=0.946 total time=   0.3s
2024-03-21 07:15:11,141 INFO     kb 

2024-03-21 07:15:11,425 INFO     kb [CV 3/3] END C=100, penalty=l1, solver=liblinear;, score=0.952 total time=   0.3s
2024-03-21 07:15:11,425 INFO     kb 

2024-03-21 07:15:11,820 INFO     kb [CV 1/3] END C=100, penalty=l2, solver=liblinear;, score=0.951 total time=   0.4s
2024-03-21 07:15:11,820 INFO     kb 

2024-03-21 07:15:12,202 INFO     kb [CV 2/3] END C=100, penalty=l2, solver=liblinear;, score=0.957 total time=   0.4s
2024-03-21 07:15:12,202 INFO     kb 

2024-03-21 07:15:12,667 INFO     kb [CV 3/3] END C=100, penalty=l2, solver=liblinear;, score=0.959 total time=   0.5s
2024-03-21 07:15:12,668 INFO     kb 

2024-03-21 07:15:12,889 INFO     kb [CV 1/3] END C=250, penalty=l1, solver=liblinear;, score=0.943 total time=   0.2s
2024-03-21 07:15:12,890 INFO     kb 

2024-03-21 07:15:13,092 INFO     kb [CV 2/3] END C=250, penalty=l1, solver=liblinear;, score=0.946 total time=   0.2s
2024-03-21 07:15:13,092 INFO     kb 

2024-03-21 07:15:13,404 INFO     kb [CV 3/3] END C=250, penalty=l1, solver=liblinear;, score=0.952 total time=   0.3s
2024-03-21 07:15:13,405 INFO     kb 

2024-03-21 07:15:13,997 INFO     kb [CV 1/3] END C=250, penalty=l2, solver=liblinear;, score=0.949 total time=   0.6s
2024-03-21 07:15:13,997 INFO     kb 

2024-03-21 07:15:14,674 INFO     kb [CV 2/3] END C=250, penalty=l2, solver=liblinear;, score=0.955 total time=   0.7s
2024-03-21 07:15:14,674 INFO     kb 

2024-03-21 07:15:15,122 INFO     kb [CV 3/3] END C=250, penalty=l2, solver=liblinear;, score=0.959 total time=   0.4s
2024-03-21 07:15:15,122 INFO     kb 

2024-03-21 07:15:15,315 INFO     kb [CV 1/3] END C=750, penalty=l1, solver=liblinear;, score=0.944 total time=   0.2s
2024-03-21 07:15:15,315 INFO     kb 

2024-03-21 07:15:15,489 INFO     kb [CV 2/3] END C=750, penalty=l1, solver=liblinear;, score=0.946 total time=   0.2s
2024-03-21 07:15:15,489 INFO     kb 

2024-03-21 07:15:15,689 INFO     kb [CV 3/3] END C=750, penalty=l1, solver=liblinear;, score=0.953 total time=   0.2s
2024-03-21 07:15:15,690 INFO     kb 

2024-03-21 07:15:16,114 INFO     kb [CV 1/3] END C=750, penalty=l2, solver=liblinear;, score=0.948 total time=   0.4s
2024-03-21 07:15:16,114 INFO     kb 

2024-03-21 07:15:16,666 INFO     kb [CV 2/3] END C=750, penalty=l2, solver=liblinear;, score=0.954 total time=   0.6s
2024-03-21 07:15:16,667 INFO     kb 

2024-03-21 07:15:17,252 INFO     kb [CV 3/3] END C=750, penalty=l2, solver=liblinear;, score=0.958 total time=   0.6s
2024-03-21 07:15:17,252 INFO     kb 

2024-03-21 07:15:17,474 INFO     kb [CV 1/3] END C=2000, penalty=l1, solver=liblinear;, score=0.942 total time=   0.2s
2024-03-21 07:15:17,475 INFO     kb 

2024-03-21 07:15:17,641 INFO     kb [CV 2/3] END C=2000, penalty=l1, solver=liblinear;, score=0.946 total time=   0.2s
2024-03-21 07:15:17,642 INFO     kb 

2024-03-21 07:15:17,813 INFO     kb [CV 3/3] END C=2000, penalty=l1, solver=liblinear;, score=0.951 total time=   0.2s
2024-03-21 07:15:17,813 INFO     kb 

2024-03-21 07:15:18,340 INFO     kb [CV 1/3] END C=2000, penalty=l2, solver=liblinear;, score=0.947 total time=   0.5s
2024-03-21 07:15:18,341 INFO     kb 

2024-03-21 07:15:19,027 INFO     kb [CV 2/3] END C=2000, penalty=l2, solver=liblinear;, score=0.951 total time=   0.7s
2024-03-21 07:15:19,028 INFO     kb 

2024-03-21 07:15:19,537 INFO     kb [CV 3/3] END C=2000, penalty=l2, solver=liblinear;, score=0.956 total time=   0.5s
2024-03-21 07:15:19,537 INFO     kb 

2024-03-21 07:15:19,701 INFO     kb [CV 1/3] END C=5000, penalty=l1, solver=liblinear;, score=0.940 total time=   0.2s
2024-03-21 07:15:19,701 INFO     kb 

2024-03-21 07:15:19,868 INFO     kb [CV 2/3] END C=5000, penalty=l1, solver=liblinear;, score=0.942 total time=   0.2s
2024-03-21 07:15:19,869 INFO     kb 

2024-03-21 07:15:20,041 INFO     kb [CV 3/3] END C=5000, penalty=l1, solver=liblinear;, score=0.949 total time=   0.2s
2024-03-21 07:15:20,042 INFO     kb 

2024-03-21 07:15:20,602 INFO     kb [CV 1/3] END C=5000, penalty=l2, solver=liblinear;, score=0.945 total time=   0.6s
2024-03-21 07:15:20,603 INFO     kb 

2024-03-21 07:15:21,293 INFO     kb [CV 2/3] END C=5000, penalty=l2, solver=liblinear;, score=0.951 total time=   0.7s
2024-03-21 07:15:21,294 INFO     kb 

2024-03-21 07:15:21,909 INFO     kb [CV 3/3] END C=5000, penalty=l2, solver=liblinear;, score=0.955 total time=   0.6s
2024-03-21 07:15:21,909 INFO     kb 

